#
# A fatal error has been detected by the Java Runtime Environment:
#
#  SIGBUS (0xa) at pc=0x0000000103f5e424, pid=79485, tid=37123
#
# JRE version: OpenJDK Runtime Environment Zulu15.36+13-CA (15.0.5+3) (build 15.0.5+3-MTS)
# Java VM: OpenJDK 64-Bit Server VM Zulu15.36+13-CA (15.0.5+3-MTS, mixed mode, tiered, compressed oops, g1 gc, bsd-aarch64)
# Problematic frame:
# V  [libjvm.dylib+0x88a424]  MarkActivationClosure::do_code_blob(CodeBlob*)+0x3c
#
# No core dump will be written. Core dumps have been disabled. To enable core dumping, try "ulimit -c unlimited" before starting Java again
#
# If you would like to submit a bug report, please visit:
#   http://www.azul.com/support/
#

---------------  S U M M A R Y ------------

Command Line: -agentlib:jdwp=transport=dt_socket,address=127.0.0.1:55238,suspend=y,server=n -ea -Didea.test.cyclic.buffer.size=1048576 -javaagent:/Users/xiu0327/Library/Caches/JetBrains/IdeaIC2022.1/captureAgent/debugger-agent.jar=file:/private/var/folders/qm/pbk5yppn4s1718wtv_q7tf0w0000gn/T/capture.props -Dfile.encoding=UTF-8 com.intellij.rt.junit.JUnitStarter -ideVersion5 -junit5 numble.backend.account.application.AccountServiceImplTest,계좌_이체_정상

Host: MacBookPro17,1 arm64 1 MHz, 8 cores, 16G, Darwin 22.2.0
Time: Wed Feb 22 01:19:20 2023 KST elapsed time: 3.749043 seconds (0d 0h 0m 3s)

---------------  T H R E A D  ---------------

Current thread (0x000000012e087a00):  JavaThread "SpringApplicationShutdownHook" [_thread_in_vm, id=37123, stack(0x0000000281894000,0x0000000281a97000)]

Stack: [0x0000000281894000,0x0000000281a97000],  sp=0x0000000281a93c60,  free space=2047k
Native frames: (J=compiled Java code, A=aot compiled Java code, j=interpreted, Vv=VM code, C=native code)
V  [libjvm.dylib+0x88a424]  MarkActivationClosure::do_code_blob(CodeBlob*)+0x3c
V  [libjvm.dylib+0x8c5c68]  JavaThread::nmethods_do(CodeBlobClosure*)+0x80
V  [libjvm.dylib+0x389c0c]  HandshakeState::process_self_inner()+0x170
V  [libjvm.dylib+0x79dd6c]  SafepointMechanism::block_if_requested_slow(JavaThread*)+0x74
V  [libjvm.dylib+0x55e6e8]  jvmti_SetTag(_jvmtiEnv*, _jobject*, long)+0x1a4
C  [libjdwp.dylib+0xd160]  classTrack_addPreparedClass+0x1f4
C  [libjdwp.dylib+0x17e18]  event_callback+0x1ec
C  [libjdwp.dylib+0x15934]  cbClassPrepare+0xc0
V  [libjvm.dylib+0x5a3e0c]  JvmtiExport::post_class_prepare(JavaThread*, Klass*)+0x2c8
V  [libjvm.dylib+0x3c1ea8]  InstanceKlass::link_class_impl(Thread*)+0x3c8
V  [libjvm.dylib+0x8996f8]  SystemDictionary::parse_stream(Symbol*, Handle, ClassFileStream*, ClassLoadInfo const&, Thread*)+0x27c
V  [libjvm.dylib+0x47feb4]  JVM_LookupDefineClass+0x72c
C  [libjava.dylib+0x4284]  Java_java_lang_ClassLoader_defineClass0+0x188
j  java.lang.ClassLoader.defineClass0(Ljava/lang/ClassLoader;Ljava/lang/Class;Ljava/lang/String;[BIILjava/security/ProtectionDomain;ZILjava/lang/Object;)Ljava/lang/Class;+0 java.base@15.0.5
J 1239 c1 java.lang.System$2.defineClass(Ljava/lang/ClassLoader;Ljava/lang/Class;Ljava/lang/String;[BLjava/security/ProtectionDomain;ZILjava/lang/Object;)Ljava/lang/Class; java.base@15.0.5 (21 bytes) @ 0x000000010c2da4ac [0x000000010c2da3c0+0x00000000000000ec]
J 1238 c1 java.lang.invoke.MethodHandles$Lookup$ClassDefiner.defineClass(ZLjava/lang/Object;)Ljava/lang/Class; java.base@15.0.5 (97 bytes) @ 0x000000010c2d9788 [0x000000010c2d8c40+0x0000000000000b48]
J 3840 c1 java.lang.invoke.MethodHandles$Lookup$ClassDefiner.defineClassAsLookup(Z)Ljava/lang/invoke/MethodHandles$Lookup; java.base@15.0.5 (19 bytes) @ 0x000000010c8a1d58 [0x000000010c8a1cc0+0x0000000000000098]
J 3146 c1 java.lang.invoke.MethodHandles$Lookup.defineHiddenClass([BZ[Ljava/lang/invoke/MethodHandles$Lookup$ClassOption;)Ljava/lang/invoke/MethodHandles$Lookup; java.base@15.0.5 (69 bytes) @ 0x000000010c738df0 [0x000000010c738540+0x00000000000008b0]
J 5744 c1 java.lang.invoke.InnerClassLambdaMetafactory.generateInnerClass()Ljava/lang/Class; java.base@15.0.5 (611 bytes) @ 0x000000010cbc1634 [0x000000010cbc0a40+0x0000000000000bf4]
J 1890 c1 java.lang.invoke.InnerClassLambdaMetafactory.spinInnerClass()Ljava/lang/Class; java.base@15.0.5 (116 bytes) @ 0x000000010c4321ec [0x000000010c432000+0x00000000000001ec]
J 1889 c1 java.lang.invoke.InnerClassLambdaMetafactory.buildCallSite()Ljava/lang/invoke/CallSite; java.base@15.0.5 (169 bytes) @ 0x000000010c42e164 [0x000000010c42e0c0+0x00000000000000a4]
J 1977 c1 java.lang.invoke.LambdaMetafactory.metafactory(Ljava/lang/invoke/MethodHandles$Lookup;Ljava/lang/String;Ljava/lang/invoke/MethodType;Ljava/lang/invoke/MethodType;Ljava/lang/invoke/MethodHandle;Ljava/lang/invoke/MethodType;)Ljava/lang/invoke/CallSite; java.base@15.0.5 (35 bytes) @ 0x000000010c468464 [0x000000010c468280+0x00000000000001e4]
J 1565 c1 java.lang.invoke.LambdaForm$DMH+0x00000003000d2440.invokeStatic(Ljava/lang/Object;Ljava/lang/Object;Ljava/lang/Object;Ljava/lang/Object;Ljava/lang/Object;Ljava/lang/Object;Ljava/lang/Object;)Ljava/lang/Object; java.base@15.0.5 (31 bytes) @ 0x000000010c39e690 [0x000000010c39e300+0x0000000000000390]
J 1418 c1 java.lang.invoke.BootstrapMethodInvoker.invoke(Ljava/lang/Class;Ljava/lang/invoke/MethodHandle;Ljava/lang/String;Ljava/lang/Object;Ljava/lang/Object;Ljava/lang/Class;)Ljava/lang/Object; java.base@15.0.5 (688 bytes) @ 0x000000010c334b74 [0x000000010c32fb40+0x0000000000005034]
J 1851 c1 java.lang.invoke.CallSite.makeSite(Ljava/lang/invoke/MethodHandle;Ljava/lang/String;Ljava/lang/invoke/MethodType;Ljava/lang/Object;Ljava/lang/Class;)Ljava/lang/invoke/CallSite; java.base@15.0.5 (91 bytes) @ 0x000000010c41a254 [0x000000010c41a1c0+0x0000000000000094]
J 1188 c1 java.lang.invoke.MethodHandleNatives.linkCallSiteImpl(Ljava/lang/Class;Ljava/lang/invoke/MethodHandle;Ljava/lang/String;Ljava/lang/invoke/MethodType;Ljava/lang/Object;[Ljava/lang/Object;)Ljava/lang/invoke/MemberName; java.base@15.0.5 (44 bytes) @ 0x000000010c2b24fc [0x000000010c2b2480+0x000000000000007c]
J 1187 c1 java.lang.invoke.MethodHandleNatives.linkCallSite(Ljava/lang/Object;ILjava/lang/Object;Ljava/lang/Object;Ljava/lang/Object;Ljava/lang/Object;[Ljava/lang/Object;)Ljava/lang/invoke/MemberName; java.base@15.0.5 (66 bytes) @ 0x000000010c2b0080 [0x000000010c2afc00+0x0000000000000480]
v  ~StubRoutines::call_stub
V  [libjvm.dylib+0x3e0588]  JavaCalls::call_helper(JavaValue*, methodHandle const&, JavaCallArguments*, Thread*)+0x324
V  [libjvm.dylib+0x3dfbb0]  JavaCalls::call_static(JavaValue*, Klass*, Symbol*, Symbol*, JavaCallArguments*, Thread*)+0xa0
V  [libjvm.dylib+0x89d430]  SystemDictionary::invoke_bootstrap_method(BootstrapInfo&, Thread*)+0x2ec
V  [libjvm.dylib+0x5f389c]  LinkResolver::resolve_dynamic_call(CallInfo&, BootstrapInfo&, Thread*)+0x28
V  [libjvm.dylib+0x5f3378]  LinkResolver::resolve_invokedynamic(CallInfo&, constantPoolHandle const&, int, Thread*)+0x88
V  [libjvm.dylib+0x3da4a8]  InterpreterRuntime::resolve_invokedynamic(JavaThread*)+0x10c
V  [libjvm.dylib+0x3da5ac]  InterpreterRuntime::resolve_from_cache(JavaThread*, Bytecodes::Code)+0x98
j  com.zaxxer.hikari.pool.HikariPool.softEvictConnections()V+8
j  com.zaxxer.hikari.pool.HikariPool.shutdown()V+78
j  com.zaxxer.hikari.HikariDataSource.close()V+36
j  org.springframework.beans.factory.support.DisposableBeanAdapter.destroy()V+314
j  org.springframework.beans.factory.support.DefaultSingletonBeanRegistry.destroyBean(Ljava/lang/String;Lorg/springframework/beans/factory/DisposableBean;)V+133
j  org.springframework.beans.factory.support.DefaultSingletonBeanRegistry.destroySingleton(Ljava/lang/String;)V+41
j  org.springframework.beans.factory.support.DefaultListableBeanFactory.destroySingleton(Ljava/lang/String;)V+2
j  org.springframework.beans.factory.support.DefaultSingletonBeanRegistry.destroySingletons()V+105
j  org.springframework.beans.factory.support.DefaultListableBeanFactory.destroySingletons()V+1
j  org.springframework.context.support.AbstractApplicationContext.destroyBeans()V+4
j  org.springframework.context.support.AbstractApplicationContext.doClose()V+133
j  org.springframework.context.support.AbstractApplicationContext.close()V+8
j  org.springframework.boot.SpringApplicationShutdownHook.closeAndWait(Lorg/springframework/context/ConfigurableApplicationContext;)V+11
j  org.springframework.boot.SpringApplicationShutdownHook$$Lambda$1653+0x0000000300a4fc50.accept(Ljava/lang/Object;)V+8
j  java.lang.Iterable.forEach(Ljava/util/function/Consumer;)V+30 java.base@15.0.5
j  org.springframework.boot.SpringApplicationShutdownHook.run()V+71
j  java.lang.Thread.run()V+11 java.base@15.0.5
v  ~StubRoutines::call_stub
V  [libjvm.dylib+0x3e0588]  JavaCalls::call_helper(JavaValue*, methodHandle const&, JavaCallArguments*, Thread*)+0x324
V  [libjvm.dylib+0x3df660]  JavaCalls::call_virtual(JavaValue*, Klass*, Symbol*, Symbol*, JavaCallArguments*, Thread*)+0xf8
V  [libjvm.dylib+0x3df728]  JavaCalls::call_virtual(JavaValue*, Handle, Klass*, Symbol*, Symbol*, Thread*)+0x64
V  [libjvm.dylib+0x48e028]  thread_entry(JavaThread*, Thread*)+0xbc
V  [libjvm.dylib+0x8c39e0]  JavaThread::thread_main_inner()+0xa0
V  [libjvm.dylib+0x8c0edc]  Thread::call_run()+0x88
V  [libjvm.dylib+0x710ee4]  thread_native_entry(Thread*)+0x1d0
C  [libsystem_pthread.dylib+0x706c]  _pthread_start+0x94

Java frames: (J=compiled Java code, j=interpreted, Vv=VM code)
j  java.lang.ClassLoader.defineClass0(Ljava/lang/ClassLoader;Ljava/lang/Class;Ljava/lang/String;[BIILjava/security/ProtectionDomain;ZILjava/lang/Object;)Ljava/lang/Class;+0 java.base@15.0.5
J 1239 c1 java.lang.System$2.defineClass(Ljava/lang/ClassLoader;Ljava/lang/Class;Ljava/lang/String;[BLjava/security/ProtectionDomain;ZILjava/lang/Object;)Ljava/lang/Class; java.base@15.0.5 (21 bytes) @ 0x000000010c2da4ac [0x000000010c2da3c0+0x00000000000000ec]
J 1238 c1 java.lang.invoke.MethodHandles$Lookup$ClassDefiner.defineClass(ZLjava/lang/Object;)Ljava/lang/Class; java.base@15.0.5 (97 bytes) @ 0x000000010c2d9788 [0x000000010c2d8c40+0x0000000000000b48]
J 3840 c1 java.lang.invoke.MethodHandles$Lookup$ClassDefiner.defineClassAsLookup(Z)Ljava/lang/invoke/MethodHandles$Lookup; java.base@15.0.5 (19 bytes) @ 0x000000010c8a1d58 [0x000000010c8a1cc0+0x0000000000000098]
J 3146 c1 java.lang.invoke.MethodHandles$Lookup.defineHiddenClass([BZ[Ljava/lang/invoke/MethodHandles$Lookup$ClassOption;)Ljava/lang/invoke/MethodHandles$Lookup; java.base@15.0.5 (69 bytes) @ 0x000000010c738df0 [0x000000010c738540+0x00000000000008b0]
J 5744 c1 java.lang.invoke.InnerClassLambdaMetafactory.generateInnerClass()Ljava/lang/Class; java.base@15.0.5 (611 bytes) @ 0x000000010cbc1634 [0x000000010cbc0a40+0x0000000000000bf4]
J 1890 c1 java.lang.invoke.InnerClassLambdaMetafactory.spinInnerClass()Ljava/lang/Class; java.base@15.0.5 (116 bytes) @ 0x000000010c4321ec [0x000000010c432000+0x00000000000001ec]
J 1889 c1 java.lang.invoke.InnerClassLambdaMetafactory.buildCallSite()Ljava/lang/invoke/CallSite; java.base@15.0.5 (169 bytes) @ 0x000000010c42e164 [0x000000010c42e0c0+0x00000000000000a4]
J 1977 c1 java.lang.invoke.LambdaMetafactory.metafactory(Ljava/lang/invoke/MethodHandles$Lookup;Ljava/lang/String;Ljava/lang/invoke/MethodType;Ljava/lang/invoke/MethodType;Ljava/lang/invoke/MethodHandle;Ljava/lang/invoke/MethodType;)Ljava/lang/invoke/CallSite; java.base@15.0.5 (35 bytes) @ 0x000000010c468464 [0x000000010c468280+0x00000000000001e4]
J 1565 c1 java.lang.invoke.LambdaForm$DMH+0x00000003000d2440.invokeStatic(Ljava/lang/Object;Ljava/lang/Object;Ljava/lang/Object;Ljava/lang/Object;Ljava/lang/Object;Ljava/lang/Object;Ljava/lang/Object;)Ljava/lang/Object; java.base@15.0.5 (31 bytes) @ 0x000000010c39e690 [0x000000010c39e300+0x0000000000000390]
J 1418 c1 java.lang.invoke.BootstrapMethodInvoker.invoke(Ljava/lang/Class;Ljava/lang/invoke/MethodHandle;Ljava/lang/String;Ljava/lang/Object;Ljava/lang/Object;Ljava/lang/Class;)Ljava/lang/Object; java.base@15.0.5 (688 bytes) @ 0x000000010c334b74 [0x000000010c32fb40+0x0000000000005034]
J 1851 c1 java.lang.invoke.CallSite.makeSite(Ljava/lang/invoke/MethodHandle;Ljava/lang/String;Ljava/lang/invoke/MethodType;Ljava/lang/Object;Ljava/lang/Class;)Ljava/lang/invoke/CallSite; java.base@15.0.5 (91 bytes) @ 0x000000010c41a254 [0x000000010c41a1c0+0x0000000000000094]
J 1188 c1 java.lang.invoke.MethodHandleNatives.linkCallSiteImpl(Ljava/lang/Class;Ljava/lang/invoke/MethodHandle;Ljava/lang/String;Ljava/lang/invoke/MethodType;Ljava/lang/Object;[Ljava/lang/Object;)Ljava/lang/invoke/MemberName; java.base@15.0.5 (44 bytes) @ 0x000000010c2b24fc [0x000000010c2b2480+0x000000000000007c]
J 1187 c1 java.lang.invoke.MethodHandleNatives.linkCallSite(Ljava/lang/Object;ILjava/lang/Object;Ljava/lang/Object;Ljava/lang/Object;Ljava/lang/Object;[Ljava/lang/Object;)Ljava/lang/invoke/MemberName; java.base@15.0.5 (66 bytes) @ 0x000000010c2b0080 [0x000000010c2afc00+0x0000000000000480]
v  ~StubRoutines::call_stub
j  com.zaxxer.hikari.pool.HikariPool.softEvictConnections()V+8
j  com.zaxxer.hikari.pool.HikariPool.shutdown()V+78
j  com.zaxxer.hikari.HikariDataSource.close()V+36
j  org.springframework.beans.factory.support.DisposableBeanAdapter.destroy()V+314
j  org.springframework.beans.factory.support.DefaultSingletonBeanRegistry.destroyBean(Ljava/lang/String;Lorg/springframework/beans/factory/DisposableBean;)V+133
j  org.springframework.beans.factory.support.DefaultSingletonBeanRegistry.destroySingleton(Ljava/lang/String;)V+41
j  org.springframework.beans.factory.support.DefaultListableBeanFactory.destroySingleton(Ljava/lang/String;)V+2
j  org.springframework.beans.factory.support.DefaultSingletonBeanRegistry.destroySingletons()V+105
j  org.springframework.beans.factory.support.DefaultListableBeanFactory.destroySingletons()V+1
j  org.springframework.context.support.AbstractApplicationContext.destroyBeans()V+4
j  org.springframework.context.support.AbstractApplicationContext.doClose()V+133
j  org.springframework.context.support.AbstractApplicationContext.close()V+8
j  org.springframework.boot.SpringApplicationShutdownHook.closeAndWait(Lorg/springframework/context/ConfigurableApplicationContext;)V+11
j  org.springframework.boot.SpringApplicationShutdownHook$$Lambda$1653+0x0000000300a4fc50.accept(Ljava/lang/Object;)V+8
j  java.lang.Iterable.forEach(Ljava/util/function/Consumer;)V+30 java.base@15.0.5
j  org.springframework.boot.SpringApplicationShutdownHook.run()V+71
j  java.lang.Thread.run()V+11 java.base@15.0.5
v  ~StubRoutines::call_stub

siginfo: si_signo: 10 (SIGBUS), si_code: 1 (BUS_ADRALN), si_addr: 0x000000010c2da358

Register to memory mapping:

 x0=0x00000001042280e8: _MergedGlobals+0 in /Library/Java/JavaVirtualMachines/zulu-15.jdk/Contents/Home/lib/server/libjvm.dylib at 0x00000001036d4000
 x1=0x000000010c2da210 is at entry_point+-432 in (nmethod*)0x000000010c2da210
 x2=0x0000000103f5e3e8: _ZN21MarkActivationClosure12do_code_blobEP8CodeBlob+0 in /Library/Java/JavaVirtualMachines/zulu-15.jdk/Contents/Home/lib/server/libjvm.dylib at 0x00000001036d4000
 x3=0x0000000fffffc088 points into unknown readable memory: 0xffffff25d81fd58c | 8c d5 1f d8 25 ff ff ff
 x4=0x0000000000000005 is an unknown value
 x5=0x00000000000020c0 is an unknown value
 x6=0x0 is NULL
 x7=0x0000000281a92428 is pointing into the stack for thread: 0x000000012e087a00
 x8=0x00000001041d4000: _ZN12StubRoutines10_jint_fillE+0 in /Library/Java/JavaVirtualMachines/zulu-15.jdk/Contents/Home/lib/server/libjvm.dylib at 0x00000001036d4000
 x9=0x00000000000001e0 is an unknown value
x10=0x0000000000004f44 is an unknown value
x11=0x00000001029e4000 points into unknown readable memory: 0x0706050403020100 | 00 01 02 03 04 05 06 07
x12=0x0000000000004f44 is an unknown value
x13=0x0 is NULL
x14=0x000000000000007a is an unknown value
x15=0x0000000281a942b8 is pointing into the stack for thread: 0x000000012e087a00
x16=0x0 is NULL
x17=0x00000001e27251d0 points into unknown readable memory: 0x00000001825aaba0 | a0 ab 5a 82 01 00 00 00
x18=0x0 is NULL
x19=0x000000010c2da210 is at entry_point+-432 in (nmethod*)0x000000010c2da210
x20=0x000000012e087a00 is a thread
x21=0x0000000281a93cb0 is pointing into the stack for thread: 0x000000012e087a00
x22=0x00000001041d3ee8: _ZN12StubRoutines25_call_stub_return_addressE+0 in /Library/Java/JavaVirtualMachines/zulu-15.jdk/Contents/Home/lib/server/libjvm.dylib at 0x00000001036d4000
x23=0x000000012e087e54 points into unknown readable memory: 03 93 00 00
x24=0x000000010416f000: _type2aelembytes+0x40 in /Library/Java/JavaVirtualMachines/zulu-15.jdk/Contents/Home/lib/server/libjvm.dylib at 0x00000001036d4000
x25=0x0000000102960000: <offset 0x38000> in /Library/Java/JavaVirtualMachines/zulu-15.jdk/Contents/Home/lib/libjdwp.dylib at 0x0000000102928000
x26=0x0 is NULL
x27=0x0000000000000006 is an unknown value
x28=0x0000000000000007 is an unknown value


Registers:
 x0=0x00000001042280e8  x1=0x000000010c2da210  x2=0x0000000103f5e3e8  x3=0x0000000fffffc088
 x4=0x0000000000000005  x5=0x00000000000020c0  x6=0x0000000000000000  x7=0x0000000281a92428
 x8=0x00000001041d4000  x9=0x00000000000001e0 x10=0x0000000000004f44 x11=0x00000001029e4000
x12=0x0000000000004f44 x13=0x0000000000000000 x14=0x000000000000007a x15=0x0000000281a942b8
x16=0x0000000000000000 x17=0x00000001e27251d0 x18=0x0000000000000000 x19=0x000000010c2da210
x20=0x000000012e087a00 x21=0x0000000281a93cb0 x22=0x00000001041d3ee8 x23=0x000000012e087e54
x24=0x000000010416f000 x25=0x0000000102960000 x26=0x0000000000000000 x27=0x0000000000000006
x28=0x0000000000000007  fp=0x0000000281a93c70  lr=0x0000000103f99c68  sp=0x0000000281a93c60
pc=0x0000000103f5e424 cpsr=0x0000000080001000
Top of Stack: (sp=0x0000000281a93c60)
0x0000000281a93c60:   000000012e087a00 00000001042280e8
0x0000000281a93c70:   0000000281a94360 0000000103f99c68
0x0000000281a93c80:   0000000281a94d80 000000010c2da4ac
0x0000000281a93c90:   000000010c2da210 0000000000000000
0x0000000281a93ca0:   0000000281a95c60 0000000281a94de0
0x0000000281a93cb0:   0000000000000000 0000000000000000
0x0000000281a93cc0:   0000000000000000 0000000000000000
0x0000000281a93cd0:   0000000000000000 0000000000000000
0x0000000281a93ce0:   0000000000000000 0000000000000000
0x0000000281a93cf0:   0000000000000000 0000000000000000
0x0000000281a93d00:   0000000000000000 0000000000000000
0x0000000281a93d10:   0000000000000000 0000000000000000
0x0000000281a93d20:   0000000000000000 0000000000000000
0x0000000281a93d30:   0000000000000000 0000000000000000
0x0000000281a93d40:   0000000000000000 0000000000000000
0x0000000281a93d50:   0000000000000000 0000000000000000
0x0000000281a93d60:   0000000000000000 0000000000000000
0x0000000281a93d70:   0000000000000000 0000000000000000
0x0000000281a93d80:   0000000000000000 0000000000000000
0x0000000281a93d90:   0000000000000000 0000000000000000
0x0000000281a93da0:   0000000000000000 0000000000000000
0x0000000281a93db0:   0000000000000000 0000000000000000
0x0000000281a93dc0:   0000000000000000 0000000000000000
0x0000000281a93dd0:   0000000000000000 0000000000000000
0x0000000281a93de0:   0000000000000000 0000000000000000
0x0000000281a93df0:   0000000000000000 0000000000000000
0x0000000281a93e00:   0000000000000000 0000000000000000
0x0000000281a93e10:   0000000000000000 0000000000000000
0x0000000281a93e20:   0000000000000000 0000000000000000
0x0000000281a93e30:   0000000000000000 0000000000000000
0x0000000281a93e40:   0000000000000000 0000000000000000
0x0000000281a93e50:   0000000000000000 0000000000000000 

Instructions: (pc=0x0000000103f5e424)
0x0000000103f5e324:   9121a021 aa1303e0 97fa4987 d00013a8
0x0000000103f5e334:   fd416d00 5e61d800 d2d09008 f2e825c8
0x0000000103f5e344:   9e670101 1e611800 fd0003e0 f0000a01
0x0000000103f5e354:   91221c21 aa1303e0 97fa497b d00013a8
0x0000000103f5e364:   f9414908 f90003e8 f0000a01 9122d021
0x0000000103f5e374:   aa1303e0 97fa4974 d00013a8 f9416108
0x0000000103f5e384:   d00013a9 f9416529 a90027e8 f0000a01
0x0000000103f5e394:   91236c21 aa1303e0 97fa496b d00013a8
0x0000000103f5e3a4:   f9416908 d34afd08 f90003e8 f0000a01
0x0000000103f5e3b4:   91246c21 aa1303e0 97fa4963 aa1403e0
0x0000000103f5e3c4:   a9427bfd a9414ff4 9100c3ff 17fa53ce
0x0000000103f5e3d4:   a9bf7bfd 910003fd d2800000 a8c17bfd
0x0000000103f5e3e4:   d65f03c0 a9be4ff4 a9017bfd 910043fd
0x0000000103f5e3f4:   aa0103f3 d00013a8 b942b909 35000129
0x0000000103f5e404:   b0001089 d503201f f9425129 d354fd2a
0x0000000103f5e414:   531f794a f144013f 1a9f2549 b902b909
0x0000000103f5e424:   b9014a69 f9400268 f9404108 aa1303e0
0x0000000103f5e434:   d63f0100 340000a0 aa1303e0 a9417bfd
0x0000000103f5e444:   a8c24ff4 17f973c6 a9417bfd a8c24ff4
0x0000000103f5e454:   d65f03c0 a9bf7bfd 910003fd d00013a8
0x0000000103f5e464:   b942b909 34000089 b9014829 a8c17bfd
0x0000000103f5e474:   d65f03c0 b0001089 d503201f f9425129
0x0000000103f5e484:   d354fd2a 531f794a f144013f 1a9f2549
0x0000000103f5e494:   b902b909 b9014829 a8c17bfd d65f03c0
0x0000000103f5e4a4:   a9be4ff4 a9017bfd 910043fd aa0103f3
0x0000000103f5e4b4:   aa0003f4 f9400028 f9402108 aa0103e0
0x0000000103f5e4c4:   d63f0100 340000c0 f9400268 f9402908
0x0000000103f5e4d4:   aa1303e0 d63f0100 36000080 a9417bfd
0x0000000103f5e4e4:   a8c24ff4 d65f03c0 f9400a81 f9400268
0x0000000103f5e4f4:   f9406d02 aa1303e0 a9417bfd a8c24ff4
0x0000000103f5e504:   d61f0040 a9bc5ff8 a90157f6 a9024ff4
0x0000000103f5e514:   a9037bfd 9100c3fd 39404008 34000288 


Stack slot to memory mapping:
stack at sp + 0 slots: 0x000000012e087a00 is a thread
stack at sp + 1 slots: 0x00000001042280e8: _MergedGlobals+0 in /Library/Java/JavaVirtualMachines/zulu-15.jdk/Contents/Home/lib/server/libjvm.dylib at 0x00000001036d4000
stack at sp + 2 slots: 0x0000000281a94360 is pointing into the stack for thread: 0x000000012e087a00
stack at sp + 3 slots: 0x0000000103f99c68: _ZN10JavaThread11nmethods_doEP15CodeBlobClosure+0x80 in /Library/Java/JavaVirtualMachines/zulu-15.jdk/Contents/Home/lib/server/libjvm.dylib at 0x00000001036d4000
stack at sp + 4 slots: 0x0000000281a94d80 is pointing into the stack for thread: 0x000000012e087a00
stack at sp + 5 slots: 0x000000010c2da4ac is at entry_point+236 in (nmethod*)0x000000010c2da210
stack at sp + 6 slots: 0x000000010c2da210 is at entry_point+-432 in (nmethod*)0x000000010c2da210
stack at sp + 7 slots: 0x0 is NULL


---------------  P R O C E S S  ---------------

Threads class SMR info:
_java_thread_list=0x00006000029ca7c0, length=18, elements={
0x000000012d008200, 0x000000013e009800, 0x000000013e00c000, 0x000000012c808a00,
0x000000012c809000, 0x000000012c808200, 0x000000012c809600, 0x000000012c809c00,
0x000000012d818200, 0x000000013d0b7e00, 0x000000013d010000, 0x000000013c8efe00,
0x000000013c8f0400, 0x000000013e75ca00, 0x000000012a2a2a00, 0x000000013d73d600,
0x000000012e087a00, 0x000000012e01a800
}

Java Threads: ( => current thread )
  0x000000012d008200 JavaThread "main" [_thread_blocked, id=4611, stack(0x000000016d6ac000,0x000000016d8af000)]
  0x000000013e009800 JavaThread "Reference Handler" daemon [_thread_blocked, id=20483, stack(0x000000016e500000,0x000000016e703000)]
  0x000000013e00c000 JavaThread "Finalizer" daemon [_thread_blocked, id=18435, stack(0x000000016e70c000,0x000000016e90f000)]
  0x000000012c808a00 JavaThread "Signal Dispatcher" daemon [_thread_blocked, id=23555, stack(0x000000016ea30000,0x000000016ec33000)]
  0x000000012c809000 JavaThread "Service Thread" daemon [_thread_blocked, id=31491, stack(0x000000016ec3c000,0x000000016ee3f000)]
  0x000000012c808200 JavaThread "C2 CompilerThread0" daemon [_thread_in_native, id=31235, stack(0x000000016ee48000,0x000000016f04b000)]
  0x000000012c809600 JavaThread "C1 CompilerThread0" daemon [_thread_blocked, id=25091, stack(0x000000016f054000,0x000000016f257000)]
  0x000000012c809c00 JavaThread "Sweeper thread" daemon [_thread_blocked, id=25603, stack(0x000000016f260000,0x000000016f463000)]
  0x000000012d818200 JavaThread "Common-Cleaner" daemon [_thread_blocked, id=26627, stack(0x000000016f46c000,0x000000016f66f000)]
  0x000000013d0b7e00 JavaThread "JDWP Transport Listener: dt_socket" daemon [_thread_blocked, id=29443, stack(0x000000016f678000,0x000000016f87b000)]
  0x000000013d010000 JavaThread "JDWP Event Helper Thread" daemon [_thread_blocked, id=27651, stack(0x000000016f884000,0x000000016fa87000)]
  0x000000013c8efe00 JavaThread "JDWP Command Reader" daemon [_thread_in_native, id=28419, stack(0x000000016fa90000,0x000000016fc93000)]
  0x000000013c8f0400 JavaThread "Notification Thread" daemon [_thread_blocked, id=33027, stack(0x000000016fc9c000,0x000000016fe9f000)]
  0x000000013e75ca00 JavaThread "mysql-cj-abandoned-connection-cleanup" daemon [_thread_blocked, id=40455, stack(0x0000000280e58000,0x000000028105b000)]
  0x000000012a2a2a00 JavaThread "HikariPool-1 housekeeper" daemon [_thread_blocked, id=34823, stack(0x0000000281064000,0x0000000281267000)]
  0x000000013d73d600 JavaThread "HikariPool-1 connection adder" daemon [_thread_blocked, id=35587, stack(0x0000000281270000,0x0000000281473000)]
=>0x000000012e087a00 JavaThread "SpringApplicationShutdownHook" [_thread_in_vm, id=37123, stack(0x0000000281894000,0x0000000281a97000)]
  0x000000012e01a800 JavaThread "globalEventExecutor-2-1" [_thread_blocked, id=35847, stack(0x000000028147c000,0x000000028167f000)]

Other Threads:
  0x000000013c613900 VMThread "VM Thread" [stack: 0x000000016e2f4000,0x000000016e4f7000] [id=21251] _threads_hazard_ptr=0x00006000029ca7c0
  0x000000013c630370 WatcherThread [stack: 0x0000000280004000,0x0000000280207000] [id=42755]
  0x000000013c607610 GCTaskThread "GC Thread#0" [stack: 0x000000016d8b8000,0x000000016dabb000] [id=13059]
  0x000000013d817ed0 GCTaskThread "GC Thread#1" [stack: 0x0000000280210000,0x0000000280413000] [id=42499]
  0x000000013d8183c0 GCTaskThread "GC Thread#2" [stack: 0x000000028041c000,0x000000028061f000] [id=41987]
  0x000000013d818e70 GCTaskThread "GC Thread#3" [stack: 0x0000000280628000,0x000000028082b000] [id=41731]
  0x000000013d819920 GCTaskThread "GC Thread#4" [stack: 0x0000000280834000,0x0000000280a37000] [id=34051]
  0x000000013d81a3d0 GCTaskThread "GC Thread#5" [stack: 0x0000000280a40000,0x0000000280c43000] [id=34307]
  0x000000012e8042b0 ConcurrentGCThread "G1 Main Marker" [stack: 0x000000016dac4000,0x000000016dcc7000] [id=13571]
  0x000000012e804d80 ConcurrentGCThread "G1 Conc#0" [stack: 0x000000016dcd0000,0x000000016ded3000] [id=14339]
  0x000000013d921c60 ConcurrentGCThread "G1 Conc#1" [stack: 0x0000000280c4c000,0x0000000280e4f000] [id=40963]
  0x000000013c612210 ConcurrentGCThread "G1 Refine#0" [stack: 0x000000016dedc000,0x000000016e0df000] [id=16899]
  0x000000012c704d70 ConcurrentGCThread "G1 Young RemSet Sampling" [stack: 0x000000016e0e8000,0x000000016e2eb000] [id=21507]

Threads with active compile tasks:
C2 CompilerThread0     3757 6251       4       jdk.internal.org.objectweb.asm.MethodWriter::visitLabel (328 bytes)

VM state: not at safepoint (normal execution)

VM Mutex/Monitor currently owned by a thread: None

Heap address: 0x00000006c0000000, size: 4096 MB, Compressed Oops mode: Zero based, Oop shift amount: 3
Compressed class space mapped at: 0x0000000300000000-0x0000000340000000, size: 1073741824
Narrow klass base: 0x0000000000000000, Narrow klass shift: 3, Narrow klass range: 0x340000000

GC Precious Log:
 CPUs: 8 total, 8 available
 Memory: 16384M
 Large Page Support: Disabled
 NUMA Support: Disabled
 Compressed Oops: Enabled (Zero based)
 Heap Region Size: 2M
 Heap Min Capacity: 8M
 Heap Initial Capacity: 256M
 Heap Max Capacity: 4G
 Pre-touch: Disabled
 Parallel Workers: 8
 Concurrent Workers: 2
 Concurrent Refinement Workers: 8
 Periodic GC: Disabled

Heap:
 garbage-first heap   total 104448K, used 56208K [0x00000006c0000000, 0x00000007c0000000)
  region size 2048K, 14 young (28672K), 2 survivors (4096K)
 Metaspace       used 80170K, capacity 80809K, committed 80960K, reserved 1120256K
  class space    used 10363K, capacity 10585K, committed 10624K, reserved 1048576K

Heap Regions: E=young(eden), S=young(survivor), O=old, HS=humongous(starts), HC=humongous(continues), CS=collection set, F=free, OA=open archive, CA=closed archive, TAMS=top-at-mark-start (previous, next)
|   0|0x00000006c0000000, 0x00000006c0200000, 0x00000006c0200000|100%| O|  |TAMS 0x00000006c0200000, 0x00000006c0000000| Untracked 
|   1|0x00000006c0200000, 0x00000006c0400000, 0x00000006c0400000|100%| O|  |TAMS 0x00000006c0400000, 0x00000006c0200000| Untracked 
|   2|0x00000006c0400000, 0x00000006c0600000, 0x00000006c0600000|100%| O|  |TAMS 0x00000006c0600000, 0x00000006c0400000| Untracked 
|   3|0x00000006c0600000, 0x00000006c075d400, 0x00000006c0800000| 68%| O|  |TAMS 0x00000006c075d400, 0x00000006c0600000| Untracked 
|   4|0x00000006c0800000, 0x00000006c0a00000, 0x00000006c0a00000|100%| O|  |TAMS 0x00000006c0a00000, 0x00000006c0800000| Untracked 
|   5|0x00000006c0a00000, 0x00000006c0a7cc00, 0x00000006c0c00000| 24%| O|  |TAMS 0x00000006c0a7cc00, 0x00000006c0a00000| Untracked 
|   6|0x00000006c0c00000, 0x00000006c0e00000, 0x00000006c0e00000|100%| O|  |TAMS 0x00000006c0e00000, 0x00000006c0c00000| Untracked 
|   7|0x00000006c0e00000, 0x00000006c1000000, 0x00000006c1000000|100%| O|  |TAMS 0x00000006c1000000, 0x00000006c0e00000| Untracked 
|   8|0x00000006c1000000, 0x00000006c1200000, 0x00000006c1200000|100%| O|  |TAMS 0x00000006c1200000, 0x00000006c1000000| Untracked 
|   9|0x00000006c1200000, 0x00000006c1400000, 0x00000006c1400000|100%| O|  |TAMS 0x00000006c1200000, 0x00000006c1200000| Untracked 
|  10|0x00000006c1400000, 0x00000006c1600000, 0x00000006c1600000|100%| O|  |TAMS 0x00000006c1400000, 0x00000006c1400000| Untracked 
|  11|0x00000006c1600000, 0x00000006c1800000, 0x00000006c1800000|100%| O|  |TAMS 0x00000006c1600000, 0x00000006c1600000| Untracked 
|  12|0x00000006c1800000, 0x00000006c1a00000, 0x00000006c1a00000|100%| O|  |TAMS 0x00000006c1800000, 0x00000006c1800000| Untracked 
|  13|0x00000006c1a00000, 0x00000006c1c00000, 0x00000006c1c00000|100%| O|  |TAMS 0x00000006c1a00000, 0x00000006c1a00000| Untracked 
|  14|0x00000006c1c00000, 0x00000006c1e00000, 0x00000006c1e00000|100%| O|  |TAMS 0x00000006c1c00000, 0x00000006c1c00000| Untracked 
|  15|0x00000006c1e00000, 0x00000006c1f0a000, 0x00000006c2000000| 51%| O|  |TAMS 0x00000006c1e00000, 0x00000006c1e00000| Untracked 
|  16|0x00000006c2000000, 0x00000006c2000000, 0x00000006c2200000|  0%| F|  |TAMS 0x00000006c2000000, 0x00000006c2000000| Untracked 
|  17|0x00000006c2200000, 0x00000006c2200000, 0x00000006c2400000|  0%| F|  |TAMS 0x00000006c2200000, 0x00000006c2200000| Untracked 
|  18|0x00000006c2400000, 0x00000006c2400000, 0x00000006c2600000|  0%| F|  |TAMS 0x00000006c2400000, 0x00000006c2400000| Untracked 
|  19|0x00000006c2600000, 0x00000006c2600000, 0x00000006c2800000|  0%| F|  |TAMS 0x00000006c2600000, 0x00000006c2600000| Untracked 
|  20|0x00000006c2800000, 0x00000006c2800000, 0x00000006c2a00000|  0%| F|  |TAMS 0x00000006c2800000, 0x00000006c2800000| Untracked 
|  21|0x00000006c2a00000, 0x00000006c2a00000, 0x00000006c2c00000|  0%| F|  |TAMS 0x00000006c2a00000, 0x00000006c2a00000| Untracked 
|  22|0x00000006c2c00000, 0x00000006c2c00000, 0x00000006c2e00000|  0%| F|  |TAMS 0x00000006c2c00000, 0x00000006c2c00000| Untracked 
|  23|0x00000006c2e00000, 0x00000006c2e00000, 0x00000006c3000000|  0%| F|  |TAMS 0x00000006c2e00000, 0x00000006c2e00000| Untracked 
|  24|0x00000006c3000000, 0x00000006c3000000, 0x00000006c3200000|  0%| F|  |TAMS 0x00000006c3000000, 0x00000006c3000000| Untracked 
|  25|0x00000006c3200000, 0x00000006c3200000, 0x00000006c3400000|  0%| F|  |TAMS 0x00000006c3200000, 0x00000006c3200000| Untracked 
|  26|0x00000006c3400000, 0x00000006c3600000, 0x00000006c3600000|100%| S|CS|TAMS 0x00000006c3400000, 0x00000006c3400000| Complete 
|  27|0x00000006c3600000, 0x00000006c3800000, 0x00000006c3800000|100%| S|CS|TAMS 0x00000006c3600000, 0x00000006c3600000| Complete 
|  28|0x00000006c3800000, 0x00000006c3800000, 0x00000006c3a00000|  0%| F|  |TAMS 0x00000006c3800000, 0x00000006c3800000| Untracked 
|  29|0x00000006c3a00000, 0x00000006c3a00000, 0x00000006c3c00000|  0%| F|  |TAMS 0x00000006c3a00000, 0x00000006c3a00000| Untracked 
|  30|0x00000006c3c00000, 0x00000006c3c00000, 0x00000006c3e00000|  0%| F|  |TAMS 0x00000006c3c00000, 0x00000006c3c00000| Untracked 
|  31|0x00000006c3e00000, 0x00000006c3e00000, 0x00000006c4000000|  0%| F|  |TAMS 0x00000006c3e00000, 0x00000006c3e00000| Untracked 
|  32|0x00000006c4000000, 0x00000006c4000000, 0x00000006c4200000|  0%| F|  |TAMS 0x00000006c4000000, 0x00000006c4000000| Untracked 
|  33|0x00000006c4200000, 0x00000006c4200000, 0x00000006c4400000|  0%| F|  |TAMS 0x00000006c4200000, 0x00000006c4200000| Untracked 
|  34|0x00000006c4400000, 0x00000006c4400000, 0x00000006c4600000|  0%| F|  |TAMS 0x00000006c4400000, 0x00000006c4400000| Untracked 
|  35|0x00000006c4600000, 0x00000006c4600000, 0x00000006c4800000|  0%| F|  |TAMS 0x00000006c4600000, 0x00000006c4600000| Untracked 
|  36|0x00000006c4800000, 0x00000006c4800000, 0x00000006c4a00000|  0%| F|  |TAMS 0x00000006c4800000, 0x00000006c4800000| Untracked 
|  37|0x00000006c4a00000, 0x00000006c4a00000, 0x00000006c4c00000|  0%| F|  |TAMS 0x00000006c4a00000, 0x00000006c4a00000| Untracked 
|  38|0x00000006c4c00000, 0x00000006c4c00000, 0x00000006c4e00000|  0%| F|  |TAMS 0x00000006c4c00000, 0x00000006c4c00000| Untracked 
|  39|0x00000006c4e00000, 0x00000006c4ee1e08, 0x00000006c5000000| 44%| E|  |TAMS 0x00000006c4e00000, 0x00000006c4e00000| Complete 
|  40|0x00000006c5000000, 0x00000006c5200000, 0x00000006c5200000|100%| E|CS|TAMS 0x00000006c5000000, 0x00000006c5000000| Complete 
|  41|0x00000006c5200000, 0x00000006c5400000, 0x00000006c5400000|100%| E|CS|TAMS 0x00000006c5200000, 0x00000006c5200000| Complete 
|  42|0x00000006c5400000, 0x00000006c5600000, 0x00000006c5600000|100%| E|CS|TAMS 0x00000006c5400000, 0x00000006c5400000| Complete 
|  43|0x00000006c5600000, 0x00000006c5800000, 0x00000006c5800000|100%| E|CS|TAMS 0x00000006c5600000, 0x00000006c5600000| Complete 
|  44|0x00000006c5800000, 0x00000006c5a00000, 0x00000006c5a00000|100%| E|CS|TAMS 0x00000006c5800000, 0x00000006c5800000| Complete 
|  45|0x00000006c5a00000, 0x00000006c5c00000, 0x00000006c5c00000|100%| E|CS|TAMS 0x00000006c5a00000, 0x00000006c5a00000| Complete 
|  46|0x00000006c5c00000, 0x00000006c5e00000, 0x00000006c5e00000|100%| E|CS|TAMS 0x00000006c5c00000, 0x00000006c5c00000| Complete 
|  68|0x00000006c8800000, 0x00000006c8a00000, 0x00000006c8a00000|100%| E|CS|TAMS 0x00000006c8800000, 0x00000006c8800000| Complete 
|  69|0x00000006c8a00000, 0x00000006c8c00000, 0x00000006c8c00000|100%| E|CS|TAMS 0x00000006c8a00000, 0x00000006c8a00000| Complete 
|  70|0x00000006c8c00000, 0x00000006c8e00000, 0x00000006c8e00000|100%| E|CS|TAMS 0x00000006c8c00000, 0x00000006c8c00000| Complete 
| 127|0x00000006cfe00000, 0x00000006d0000000, 0x00000006d0000000|100%| E|CS|TAMS 0x00000006cfe00000, 0x00000006cfe00000| Complete 

Card table byte_map: [0x000000011aacc000,0x000000011b2cc000] _byte_map_base: 0x00000001174cc000

Marking Bits (Prev, Next): (CMBitMap*) 0x000000012e008250, (CMBitMap*) 0x000000012e008210
 Prev Bits: [0x000000011facc000, 0x0000000123acc000)
 Next Bits: [0x000000011bacc000, 0x000000011facc000)

Polling page: 0x0000000102838000

Metaspace:

Usage:
  Non-class:     68.58 MB capacity,    68.17 MB (>99%) used,   310.33 KB ( <1%) free+waste,   106.69 KB ( <1%) overhead. 
      Class:     10.34 MB capacity,    10.12 MB ( 98%) used,   181.61 KB (  2%) free+waste,    40.00 KB ( <1%) overhead. 
       Both:     78.92 MB capacity,    78.29 MB (>99%) used,   491.94 KB ( <1%) free+waste,   146.69 KB ( <1%) overhead. 

Virtual space:
  Non-class space:       70.00 MB reserved,      68.69 MB ( 98%) committed 
      Class space:        1.00 GB reserved,      10.38 MB (  1%) committed 
             Both:        1.07 GB reserved,      79.06 MB (  7%) committed 

Chunk freelists:
   Non-Class:  48.00 KB
       Class:  7.00 KB
        Both:  55.00 KB

MaxMetaspaceSize: unlimited
CompressedClassSpaceSize: 1.00 GB

CodeHeap 'non-profiled nmethods': size=120032Kb used=2878Kb max_used=3026Kb free=117153Kb
 bounds [0x0000000113594000, 0x0000000113894000, 0x000000011aacc000]
CodeHeap 'profiled nmethods': size=120016Kb used=11410Kb max_used=12792Kb free=108605Kb
 bounds [0x000000010c060000, 0x000000010cce0000, 0x0000000113594000]
CodeHeap 'non-nmethods': size=5712Kb used=1347Kb max_used=1499Kb free=4364Kb
 bounds [0x000000010bacc000, 0x000000010bd3c000, 0x000000010c060000]
 total_blobs=6289 nmethods=5641 adapters=564
 compilation: enabled
              stopped_count=0, restarted_count=0
 full_count=0

Compilation events (20 events):
Event: 3.738 Thread 0x000000012c809600 6372       2       io.netty.util.HashedWheelTimer$HashedWheelBucket::pollTimeout (60 bytes)
Event: 3.738 Thread 0x000000012c809600 nmethod 6372 0x000000010ccddb90 code [0x000000010ccddd40, 0x000000010ccde128]
Event: 3.739 Thread 0x000000012c808200 nmethod 6247 0x0000000113882110 code [0x0000000113882c80, 0x000000011388a9e0]
Event: 3.739 Thread 0x000000012c808200 6308       4       java.util.StringTokenizer::scanToken (179 bytes)
Event: 3.743 Thread 0x000000012c809600 6373       2       java.util.Arrays::fill (21 bytes)
Event: 3.743 Thread 0x000000012c809600 nmethod 6373 0x000000010c084d10 code [0x000000010c084ec0, 0x000000010c0850e8]
Event: 3.744 Thread 0x000000012c809600 6374       2       org.springframework.beans.factory.support.DefaultListableBeanFactory::removeManualSingletonName (17 bytes)
Event: 3.744 Thread 0x000000012c809600 nmethod 6374 0x000000010c061c90 code [0x000000010c061e80, 0x000000010c062178]
Event: 3.744 Thread 0x000000012c809600 6376   !   2       org.springframework.beans.factory.support.DefaultListableBeanFactory::updateManualSingletonNames (93 bytes)
Event: 3.745 Thread 0x000000012c809600 nmethod 6376 0x000000010c099f10 code [0x000000010c09a140, 0x000000010c09a728]
Event: 3.745 Thread 0x000000012c809600 6375       2       org.springframework.beans.factory.support.DefaultListableBeanFactory$$Lambda$549/0x00000003002a3298::<init> (10 bytes)
Event: 3.745 Thread 0x000000012c809600 nmethod 6375 0x000000010c086c10 code [0x000000010c086d80, 0x000000010c086ee8]
Event: 3.745 Thread 0x000000012c809600 6377       2       ch.qos.logback.classic.Logger::appendLoopOnAppenders (18 bytes)
Event: 3.745 Thread 0x000000012c809600 nmethod 6377 0x000000010c063c90 code [0x000000010c063e40, 0x000000010c063fd8]
Event: 3.745 Thread 0x000000012c809600 6378       1       sun.util.calendar.CalendarDate::getYear (5 bytes)
Event: 3.745 Thread 0x000000012c809600 nmethod 6378 0x0000000113594010 code [0x0000000113594180, 0x0000000113594268]
Event: 3.746 Thread 0x000000012c809600 6379       1       org.hibernate.service.spi.ServiceBinding::getLifecycleOwner (5 bytes)
Event: 3.746 Thread 0x000000012c809600 nmethod 6379 0x0000000113596690 code [0x0000000113596800, 0x00000001135968e8]
Event: 3.747 Thread 0x000000012c808200 nmethod 6308 0x00000001135d2190 code [0x00000001135d2440, 0x00000001135d3040]
Event: 3.747 Thread 0x000000012c808200 6354       4       com.intellij.rt.execution.junit.MapSerializerUtil$1::escape (124 bytes)

GC Heap History (20 events):
Event: 1.453 GC heap before
{Heap before GC invocations=6 (full 0):
 garbage-first heap   total 155648K, used 98299K [0x00000006c0000000, 0x00000007c0000000)
  region size 2048K, 45 young (92160K), 2 survivors (4096K)
 Metaspace       used 34178K, capacity 34586K, committed 34688K, reserved 1079296K
  class space    used 4053K, capacity 4188K, committed 4224K, reserved 1048576K
}
Event: 1.455 GC heap after
{Heap after GC invocations=7 (full 0):
 garbage-first heap   total 155648K, used 14047K [0x00000006c0000000, 0x00000007c0000000)
  region size 2048K, 2 young (4096K), 2 survivors (4096K)
 Metaspace       used 34178K, capacity 34586K, committed 34688K, reserved 1079296K
  class space    used 4053K, capacity 4188K, committed 4224K, reserved 1048576K
}
Event: 1.514 GC heap before
{Heap before GC invocations=7 (full 0):
 garbage-first heap   total 155648K, used 22239K [0x00000006c0000000, 0x00000007c0000000)
  region size 2048K, 7 young (14336K), 2 survivors (4096K)
 Metaspace       used 35363K, capacity 35774K, committed 35840K, reserved 1081344K
  class space    used 4209K, capacity 4349K, committed 4352K, reserved 1048576K
}
Event: 1.516 GC heap after
{Heap after GC invocations=8 (full 0):
 garbage-first heap   total 155648K, used 14606K [0x00000006c0000000, 0x00000007c0000000)
  region size 2048K, 3 young (6144K), 3 survivors (6144K)
 Metaspace       used 35363K, capacity 35774K, committed 35840K, reserved 1081344K
  class space    used 4209K, capacity 4349K, committed 4352K, reserved 1048576K
}
Event: 1.790 GC heap before
{Heap before GC invocations=9 (full 0):
 garbage-first heap   total 69632K, used 49422K [0x00000006c0000000, 0x00000007c0000000)
  region size 2048K, 20 young (40960K), 3 survivors (6144K)
 Metaspace       used 39905K, capacity 40329K, committed 40384K, reserved 1085440K
  class space    used 4907K, capacity 5068K, committed 5120K, reserved 1048576K
}
Event: 1.797 GC heap after
{Heap after GC invocations=10 (full 0):
 garbage-first heap   total 69632K, used 16555K [0x00000006c0000000, 0x00000007c0000000)
  region size 2048K, 3 young (6144K), 3 survivors (6144K)
 Metaspace       used 39905K, capacity 40329K, committed 40384K, reserved 1085440K
  class space    used 4907K, capacity 5068K, committed 5120K, reserved 1048576K
}
Event: 2.042 GC heap before
{Heap before GC invocations=10 (full 0):
 garbage-first heap   total 69632K, used 47275K [0x00000006c0000000, 0x00000007c0000000)
  region size 2048K, 19 young (38912K), 3 survivors (6144K)
 Metaspace       used 45065K, capacity 45517K, committed 45760K, reserved 1089536K
  class space    used 5664K, capacity 5857K, committed 5888K, reserved 1048576K
}
Event: 2.048 GC heap after
{Heap after GC invocations=11 (full 0):
 garbage-first heap   total 83968K, used 18275K [0x00000006c0000000, 0x00000007c0000000)
  region size 2048K, 3 young (6144K), 3 survivors (6144K)
 Metaspace       used 45065K, capacity 45517K, committed 45760K, reserved 1089536K
  class space    used 5664K, capacity 5857K, committed 5888K, reserved 1048576K
}
Event: 2.375 GC heap before
{Heap before GC invocations=11 (full 0):
 garbage-first heap   total 83968K, used 59235K [0x00000006c0000000, 0x00000007c0000000)
  region size 2048K, 23 young (47104K), 3 survivors (6144K)
 Metaspace       used 56426K, capacity 56953K, committed 57280K, reserved 1099776K
  class space    used 7129K, capacity 7341K, committed 7424K, reserved 1048576K
}
Event: 2.381 GC heap after
{Heap after GC invocations=12 (full 0):
 garbage-first heap   total 83968K, used 21997K [0x00000006c0000000, 0x00000007c0000000)
  region size 2048K, 3 young (6144K), 3 survivors (6144K)
 Metaspace       used 56426K, capacity 56953K, committed 57280K, reserved 1099776K
  class space    used 7129K, capacity 7341K, committed 7424K, reserved 1048576K
}
Event: 2.484 GC heap before
{Heap before GC invocations=12 (full 0):
 garbage-first heap   total 83968K, used 42477K [0x00000006c0000000, 0x00000007c0000000)
  region size 2048K, 14 young (28672K), 3 survivors (6144K)
 Metaspace       used 59615K, capacity 60110K, committed 60224K, reserved 1101824K
  class space    used 7526K, capacity 7729K, committed 7808K, reserved 1048576K
}
Event: 2.490 GC heap after
{Heap after GC invocations=13 (full 0):
 garbage-first heap   total 83968K, used 23326K [0x00000006c0000000, 0x00000007c0000000)
  region size 2048K, 1 young (2048K), 1 survivors (2048K)
 Metaspace       used 59615K, capacity 60110K, committed 60224K, reserved 1101824K
  class space    used 7526K, capacity 7729K, committed 7808K, reserved 1048576K
}
Event: 2.806 GC heap before
{Heap before GC invocations=14 (full 0):
 garbage-first heap   total 83968K, used 60190K [0x00000006c0000000, 0x00000007c0000000)
  region size 2048K, 20 young (40960K), 1 survivors (2048K)
 Metaspace       used 64586K, capacity 65130K, committed 65344K, reserved 1105920K
  class space    used 8283K, capacity 8478K, committed 8576K, reserved 1048576K
}
Event: 2.811 GC heap after
{Heap after GC invocations=15 (full 0):
 garbage-first heap   total 83968K, used 24841K [0x00000006c0000000, 0x00000007c0000000)
  region size 2048K, 2 young (4096K), 2 survivors (4096K)
 Metaspace       used 64586K, capacity 65130K, committed 65344K, reserved 1105920K
  class space    used 8283K, capacity 8478K, committed 8576K, reserved 1048576K
}
Event: 3.036 GC heap before
{Heap before GC invocations=15 (full 0):
 garbage-first heap   total 83968K, used 59657K [0x00000006c0000000, 0x00000007c0000000)
  region size 2048K, 20 young (40960K), 2 survivors (4096K)
 Metaspace       used 68513K, capacity 69118K, committed 69440K, reserved 1110016K
  class space    used 8767K, capacity 9006K, committed 9088K, reserved 1048576K
}
Event: 3.041 GC heap after
{Heap after GC invocations=16 (full 0):
 garbage-first heap   total 104448K, used 26717K [0x00000006c0000000, 0x00000007c0000000)
  region size 2048K, 3 young (6144K), 3 survivors (6144K)
 Metaspace       used 68513K, capacity 69118K, committed 69440K, reserved 1110016K
  class space    used 8767K, capacity 9006K, committed 9088K, reserved 1048576K
}
Event: 3.299 GC heap before
{Heap before GC invocations=16 (full 0):
 garbage-first heap   total 104448K, used 77917K [0x00000006c0000000, 0x00000007c0000000)
  region size 2048K, 28 young (57344K), 3 survivors (6144K)
 Metaspace       used 71642K, capacity 72278K, committed 72384K, reserved 1112064K
  class space    used 9208K, capacity 9435K, committed 9472K, reserved 1048576K
}
Event: 3.307 GC heap after
{Heap after GC invocations=17 (full 0):
 garbage-first heap   total 104448K, used 31280K [0x00000006c0000000, 0x00000007c0000000)
  region size 2048K, 4 young (8192K), 4 survivors (8192K)
 Metaspace       used 71642K, capacity 72278K, committed 72384K, reserved 1112064K
  class space    used 9208K, capacity 9435K, committed 9472K, reserved 1048576K
}
Event: 3.549 GC heap before
{Heap before GC invocations=17 (full 0):
 garbage-first heap   total 104448K, used 78384K [0x00000006c0000000, 0x00000007c0000000)
  region size 2048K, 27 young (55296K), 4 survivors (8192K)
 Metaspace       used 76861K, capacity 77484K, committed 77760K, reserved 1116160K
  class space    used 9876K, capacity 10122K, committed 10240K, reserved 1048576K
}
Event: 3.557 GC heap after
{Heap after GC invocations=18 (full 0):
 garbage-first heap   total 104448K, used 33680K [0x00000006c0000000, 0x00000007c0000000)
  region size 2048K, 2 young (4096K), 2 survivors (4096K)
 Metaspace       used 76861K, capacity 77484K, committed 77760K, reserved 1116160K
  class space    used 9876K, capacity 10122K, committed 10240K, reserved 1048576K
}

Deoptimization events (20 events):
Event: 3.738 Thread 0x000000012e087a00 Uncommon trap: trap_request=0xffffff45 fr.pc=0x00000001136db420 relative=0x0000000000004da0
Event: 3.738 Thread 0x000000012e087a00 Uncommon trap: reason=unstable_if action=reinterpret pc=0x00000001136db420 method=jdk.internal.loader.BuiltinClassLoader.loadClassOrNull(Ljava/lang/String;Z)Ljava/lang/Class; @ 93 c2
Event: 3.738 Thread 0x000000012e087a00 DEOPT PACKING pc=0x00000001136db420 sp=0x0000000281a94db0
Event: 3.738 Thread 0x000000012e087a00 DEOPT UNPACKING pc=0x000000010bb05d9c sp=0x0000000281a94e20 mode 2
Event: 3.741 Thread 0x000000012a2ef000 Uncommon trap: trap_request=0xffffffc6 fr.pc=0x000000011370c760 relative=0x00000000000003a0
Event: 3.741 Thread 0x000000012a2ef000 Uncommon trap: reason=bimorphic_or_optimized_type_check action=maybe_recompile pc=0x000000011370c760 method=java.util.Collections$SetFromMap.remove(Ljava/lang/Object;)Z @ 5 c2
Event: 3.741 Thread 0x000000012a2ef000 DEOPT PACKING pc=0x000000011370c760 sp=0x000000028188a600
Event: 3.741 Thread 0x000000012a2ef000 DEOPT UNPACKING pc=0x000000010bb05d9c sp=0x000000028188a600 mode 2
Event: 3.742 Thread 0x000000013d0a3800 Uncommon trap: trap_request=0xffffffc6 fr.pc=0x000000011370c760 relative=0x00000000000003a0
Event: 3.742 Thread 0x000000013d0a3800 Uncommon trap: reason=bimorphic_or_optimized_type_check action=maybe_recompile pc=0x000000011370c760 method=java.util.Collections$SetFromMap.remove(Ljava/lang/Object;)Z @ 5 c2
Event: 3.742 Thread 0x000000013d0a3800 DEOPT PACKING pc=0x000000011370c760 sp=0x0000000281ca2600
Event: 3.742 Thread 0x000000013d0a3800 DEOPT UNPACKING pc=0x000000010bb05d9c sp=0x0000000281ca2600 mode 2
Event: 3.742 Thread 0x000000013d0a3800 Uncommon trap: trap_request=0xffffffc6 fr.pc=0x000000011370c760 relative=0x00000000000003a0
Event: 3.742 Thread 0x000000013d0a3800 Uncommon trap: reason=bimorphic_or_optimized_type_check action=maybe_recompile pc=0x000000011370c760 method=java.util.Collections$SetFromMap.remove(Ljava/lang/Object;)Z @ 5 c2
Event: 3.742 Thread 0x000000013d0a3800 DEOPT PACKING pc=0x000000011370c760 sp=0x0000000281ca2790
Event: 3.742 Thread 0x000000013d0a3800 DEOPT UNPACKING pc=0x000000010bb05d9c sp=0x0000000281ca2790 mode 2
Event: 3.742 Thread 0x000000012a2ef000 Uncommon trap: trap_request=0xffffffc6 fr.pc=0x000000011370c760 relative=0x00000000000003a0
Event: 3.742 Thread 0x000000012a2ef000 Uncommon trap: reason=bimorphic_or_optimized_type_check action=maybe_recompile pc=0x000000011370c760 method=java.util.Collections$SetFromMap.remove(Ljava/lang/Object;)Z @ 5 c2
Event: 3.742 Thread 0x000000012a2ef000 DEOPT PACKING pc=0x000000011370c760 sp=0x000000028188a790
Event: 3.742 Thread 0x000000012a2ef000 DEOPT UNPACKING pc=0x000000010bb05d9c sp=0x000000028188a790 mode 2

Classes unloaded (0 events):
No events

Classes redefined (0 events):
No events

Internal exceptions (20 events):
Event: 3.520 Thread 0x000000012d008200 Exception <a 'java/lang/ClassNotFoundException'{0x00000006c3acae40}: org/springframework/beans/factory/DisposableBeanCustomizer> (0x00000006c3acae40) 
thrown [src/hotspot/share/classfile/systemDictionary.cpp, line 295]
Event: 3.521 Thread 0x000000012d008200 Exception <a 'java/lang/ClassNotFoundException'{0x00000006c3af4b30}: java/lang/ObjectCustomizer> (0x00000006c3af4b30) 
thrown [src/hotspot/share/classfile/systemDictionary.cpp, line 295]
Event: 3.521 Thread 0x000000012d008200 Exception <a 'java/lang/ClassNotFoundException'{0x00000006c3afea08}: org/springframework/web/multipart/support/StandardServletMultipartResolverCustomizer> (0x00000006c3afea08) 
thrown [src/hotspot/share/classfile/systemDictionary.cpp, line 295]
Event: 3.521 Thread 0x000000012d008200 Exception <a 'java/lang/ClassNotFoundException'{0x00000006c3b0a7b0}: org/springframework/web/multipart/MultipartResolverCustomizer> (0x00000006c3b0a7b0) 
thrown [src/hotspot/share/classfile/systemDictionary.cpp, line 295]
Event: 3.524 Thread 0x000000012d008200 Exception <a 'java/lang/NoSuchMethodError'{0x00000006c3b84818}: 'java.lang.Object java.lang.invoke.DirectMethodHandle$Holder.invokeSpecial(java.lang.Object, java.lang.Object, int, java.lang.Object, int, java.lang.Object)'> (0x00000006c3b84818) 
thrown [src/hotspot/share/interpreter/linkResolver.cpp, line 782]
Event: 3.525 Thread 0x000000012d008200 Exception <a 'java/lang/NoSuchMethodError'{0x00000006c3b8d7f8}: 'java.lang.Object java.lang.invoke.DirectMethodHandle$Holder.newInvokeSpecial(java.lang.Object, java.lang.Object, int, java.lang.Object, int)'> (0x00000006c3b8d7f8) 
thrown [src/hotspot/share/interpreter/linkResolver.cpp, line 782]
Event: 3.525 Thread 0x000000012d008200 Exception <a 'java/lang/NoSuchMethodError'{0x00000006c3b91f58}: 'java.lang.Object java.lang.invoke.DirectMethodHandle$Holder.invokeSpecial(java.lang.Object, java.lang.Object, java.lang.Object, int, java.lang.Object, int)'> (0x00000006c3b91f58) 
thrown [src/hotspot/share/interpreter/linkResolver.cpp, line 782]
Event: 3.525 Thread 0x000000012d008200 Exception <a 'java/lang/NoSuchMethodError'{0x00000006c3b9e150}: 'void java.lang.invoke.DirectMethodHandle$Holder.invokeVirtual(java.lang.Object, java.lang.Object)'> (0x00000006c3b9e150) 
thrown [src/hotspot/share/interpreter/linkResolver.cpp, line 782]
Event: 3.536 Thread 0x000000012d008200 Exception <a 'java/lang/ClassNotFoundException'{0x00000006c38d8f40}: java/lang/ObjectCustomizer> (0x00000006c38d8f40) 
thrown [src/hotspot/share/classfile/systemDictionary.cpp, line 295]
Event: 3.537 Thread 0x000000012d008200 Exception <a 'java/lang/ClassNotFoundException'{0x00000006c38e2610}: numble/backend/account/application/AccountServiceImplTestCustomizer> (0x00000006c38e2610) 
thrown [src/hotspot/share/classfile/systemDictionary.cpp, line 295]
Event: 3.549 Thread 0x000000012d008200 Exception <a 'java/lang/NoSuchMethodError'{0x00000006c39f6ac0}: 'java.lang.Object java.lang.invoke.DirectMethodHandle$Holder.newInvokeSpecial(java.lang.Object, java.lang.Object, java.lang.Object, java.lang.Object, int)'> (0x00000006c39f6ac0) 
thrown [src/hotspot/share/interpreter/linkResolver.cpp, line 782]
Event: 3.549 Thread 0x000000012d008200 Exception <a 'java/lang/NoSuchMethodError'{0x00000006c39fb0c0}: 'java.lang.Object java.lang.invoke.DirectMethodHandle$Holder.invokeSpecial(java.lang.Object, java.lang.Object, java.lang.Object, java.lang.Object, java.lang.Object, int)'> (0x00000006c39fb0c0) 
thrown [src/hotspot/share/interpreter/linkResolver.cpp, line 782]
Event: 3.549 Thread 0x000000012d008200 Exception <a 'java/lang/NoSuchMethodError'{0x00000006c39ff050}: 'java.lang.Object java.lang.invoke.Invokers$Holder.linkToTargetMethod(java.lang.Object, java.lang.Object, java.lang.Object, int, java.lang.Object)'> (0x00000006c39ff050) 
thrown [src/hotspot/share/interpreter/linkResolver.cpp, line 782]
Event: 3.625 Thread 0x000000012d008200 Exception <a 'java/lang/ClassNotFoundException'{0x00000006c8994488}: java/lang/ClassLoader$ByteBuddyAccessor$V1> (0x00000006c8994488) 
thrown [src/hotspot/share/classfile/systemDictionary.cpp, line 295]
Event: 3.667 Thread 0x000000012d008200 Exception <a 'java/lang/ClassNotFoundException'{0x00000006c5969340}: java/lang/ObjectCustomizer> (0x00000006c5969340) 
thrown [src/hotspot/share/classfile/systemDictionary.cpp, line 295]
Event: 3.667 Thread 0x000000012d008200 Exception <a 'java/lang/ClassNotFoundException'{0x00000006c5973050}: numble/backend/member/entity/MemberCustomizer> (0x00000006c5973050) 
thrown [src/hotspot/share/classfile/systemDictionary.cpp, line 295]
Event: 3.696 Thread 0x000000012d008200 Exception <a 'java/lang/ClassNotFoundException'{0x00000006c54db680}: java/lang/ObjectCustomizer> (0x00000006c54db680) 
thrown [src/hotspot/share/classfile/systemDictionary.cpp, line 295]
Event: 3.696 Thread 0x000000012d008200 Exception <a 'java/lang/ClassNotFoundException'{0x00000006c54e54a0}: numble/backend/account/entity/AccountCustomizer> (0x00000006c54e54a0) 
thrown [src/hotspot/share/classfile/systemDictionary.cpp, line 295]
Event: 3.714 Thread 0x000000012d008200 Exception <a 'java/lang/reflect/InvocationTargetException'{0x00000006c558b768}> (0x00000006c558b768) 
thrown [src/hotspot/share/runtime/reflection.cpp, line 1157]
Event: 3.737 Thread 0x000000013ce39000 Exception <a 'java/lang/InterruptedException'{0x00000006c50aac28}: sleep interrupted> (0x00000006c50aac28) 
thrown [src/hotspot/share/prims/jvm.cpp, line 3294]

Events (20 events):
Event: 3.744 Thread 0x000000012c809c00 flushing nmethod 0x000000010c7be890
Event: 3.744 Thread 0x000000012c809c00 flushing nmethod 0x000000010c7d0010
Event: 3.744 Thread 0x000000012c809c00 flushing nmethod 0x000000010c7d0410
Event: 3.744 Thread 0x000000012c809c00 flushing nmethod 0x000000010c800710
Event: 3.745 Thread 0x000000012c809c00 flushing nmethod 0x000000010c816f90
Event: 3.746 loading class java/util/AbstractMap$2
Event: 3.746 loading class java/util/AbstractMap$2 done
Event: 3.746 loading class org/springframework/orm/hibernate5/SpringBeanContainer$SpringContainedBean
Event: 3.746 loading class org/springframework/orm/hibernate5/SpringBeanContainer$SpringContainedBean done
Event: 3.746 loading class org/springframework/orm/hibernate5/SpringBeanContainer$SpringContainedBean
Event: 3.746 loading class org/springframework/orm/hibernate5/SpringBeanContainer$SpringContainedBean done
Event: 3.746 loading class java/util/AbstractMap$2$1
Event: 3.746 loading class java/util/AbstractMap$2$1 done
Event: 3.747 loading class com/zaxxer/hikari/pool/HikariPool
Event: 3.747 loading class com/zaxxer/hikari/pool/HikariPool done
Event: 3.747 loading class com/zaxxer/hikari/pool/PoolEntry
Event: 3.747 loading class com/zaxxer/hikari/pool/PoolEntry done
Event: 3.747 loading class com/zaxxer/hikari/pool/PoolEntry
Event: 3.747 loading class com/zaxxer/hikari/pool/PoolEntry done
Event: 3.747 Executing VM operation: HandshakeAllThreads


Dynamic libraries:
0x0000000102894000 	/Library/Java/JavaVirtualMachines/zulu-15.jdk/Contents/Home/lib/libjli.dylib
0x000000018db5a000 	/usr/lib/libz.1.dylib
0x000000018dc14000 	/usr/lib/libSystem.B.dylib
0x000000018dc0e000 	/usr/lib/system/libcache.dylib
0x000000018dbc7000 	/usr/lib/system/libcommonCrypto.dylib
0x000000018dbf5000 	/usr/lib/system/libcompiler_rt.dylib
0x000000018dbeb000 	/usr/lib/system/libcopyfile.dylib
0x000000018233c000 	/usr/lib/system/libcorecrypto.dylib
0x00000001823f2000 	/usr/lib/system/libdispatch.dylib
0x0000000182583000 	/usr/lib/system/libdyld.dylib
0x000000018dc04000 	/usr/lib/system/libkeymgr.dylib
0x000000018dba5000 	/usr/lib/system/libmacho.dylib
0x000000018d276000 	/usr/lib/system/libquarantine.dylib
0x000000018dc01000 	/usr/lib/system/libremovefile.dylib
0x0000000187243000 	/usr/lib/system/libsystem_asl.dylib
0x00000001822d9000 	/usr/lib/system/libsystem_blocks.dylib
0x000000018243d000 	/usr/lib/system/libsystem_c.dylib
0x000000018dbf9000 	/usr/lib/system/libsystem_collections.dylib
0x000000018c797000 	/usr/lib/system/libsystem_configuration.dylib
0x000000018b807000 	/usr/lib/system/libsystem_containermanager.dylib
0x000000018d8ad000 	/usr/lib/system/libsystem_coreservices.dylib
0x00000001853d8000 	/usr/lib/system/libsystem_darwin.dylib
0x000000018dc05000 	/usr/lib/system/libsystem_dnssd.dylib
0x000000018243a000 	/usr/lib/system/libsystem_featureflags.dylib
0x00000001825af000 	/usr/lib/system/libsystem_info.dylib
0x000000018db6c000 	/usr/lib/system/libsystem_m.dylib
0x00000001823c6000 	/usr/lib/system/libsystem_malloc.dylib
0x00000001871c3000 	/usr/lib/system/libsystem_networkextension.dylib
0x0000000185842000 	/usr/lib/system/libsystem_notify.dylib
0x000000018c79c000 	/usr/lib/system/libsystem_sandbox.dylib
0x000000018dbfe000 	/usr/lib/system/libsystem_secinit.dylib
0x000000018253d000 	/usr/lib/system/libsystem_kernel.dylib
0x00000001825a7000 	/usr/lib/system/libsystem_platform.dylib
0x0000000182576000 	/usr/lib/system/libsystem_pthread.dylib
0x0000000188a18000 	/usr/lib/system/libsystem_symptoms.dylib
0x0000000182322000 	/usr/lib/system/libsystem_trace.dylib
0x000000018dbd8000 	/usr/lib/system/libunwind.dylib
0x00000001822de000 	/usr/lib/system/libxpc.dylib
0x0000000182525000 	/usr/lib/libc++abi.dylib
0x0000000182208000 	/usr/lib/libobjc.A.dylib
0x000000018dbe3000 	/usr/lib/liboah.dylib
0x00000001824be000 	/usr/lib/libc++.1.dylib
0x0000000199a19000 	/System/Library/Frameworks/Cocoa.framework/Versions/A/Cocoa
0x00000001858a3000 	/System/Library/Frameworks/AppKit.framework/Versions/C/AppKit
0x0000000188247000 	/System/Library/Frameworks/CoreData.framework/Versions/A/CoreData
0x0000000183507000 	/System/Library/Frameworks/Foundation.framework/Versions/C/Foundation
0x00000001867ae000 	/System/Library/PrivateFrameworks/UIFoundation.framework/Versions/A/UIFoundation
0x00000001ee2a2000 	/System/Library/PrivateFrameworks/CollectionViewCore.framework/Versions/A/CollectionViewCore
0x0000000193ec5000 	/System/Library/PrivateFrameworks/RemoteViewServices.framework/Versions/A/RemoteViewServices
0x000000018c04a000 	/System/Library/PrivateFrameworks/XCTTargetBootstrap.framework/Versions/A/XCTTargetBootstrap
0x000000018f9a8000 	/System/Library/PrivateFrameworks/InternationalSupport.framework/Versions/A/InternationalSupport
0x000000018fa2f000 	/System/Library/PrivateFrameworks/UserActivity.framework/Versions/A/UserActivity
0x000000020542a000 	/System/Library/PrivateFrameworks/WindowManagement.framework/Versions/A/WindowManagement
0x00000001831d1000 	/System/Library/Frameworks/SystemConfiguration.framework/Versions/A/SystemConfiguration
0x000000018eeac000 	/usr/lib/libspindump.dylib
0x0000000186954000 	/System/Library/Frameworks/UniformTypeIdentifiers.framework/Versions/A/UniformTypeIdentifiers
0x000000018a35e000 	/usr/lib/libapp_launch_measurement.dylib
0x000000018980e000 	/System/Library/PrivateFrameworks/CoreAnalytics.framework/Versions/A/CoreAnalytics
0x000000018a365000 	/System/Library/PrivateFrameworks/CoreAutoLayout.framework/Versions/A/CoreAutoLayout
0x000000018b859000 	/System/Library/Frameworks/Metal.framework/Versions/A/Metal
0x000000018c7a8000 	/usr/lib/liblangid.dylib
0x000000018c050000 	/System/Library/PrivateFrameworks/CoreSVG.framework/Versions/A/CoreSVG
0x0000000187279000 	/System/Library/PrivateFrameworks/SkyLight.framework/Versions/A/SkyLight
0x0000000187691000 	/System/Library/Frameworks/CoreGraphics.framework/Versions/A/CoreGraphics
0x0000000194590000 	/System/Library/Frameworks/Accelerate.framework/Versions/A/Accelerate
0x000000018e91a000 	/System/Library/PrivateFrameworks/IconServices.framework/Versions/A/IconServices
0x000000018b839000 	/System/Library/Frameworks/IOSurface.framework/Versions/A/IOSurface
0x000000018983b000 	/usr/lib/libDiagnosticMessagesClient.dylib
0x00000001977f7000 	/System/Library/Frameworks/ApplicationServices.framework/Versions/A/ApplicationServices
0x000000018c032000 	/System/Library/PrivateFrameworks/DFRFoundation.framework/Versions/A/DFRFoundation
0x0000000185121000 	/usr/lib/libicucore.A.dylib
0x0000000190938000 	/System/Library/Frameworks/AudioToolbox.framework/Versions/A/AudioToolbox
0x000000018f9b3000 	/System/Library/PrivateFrameworks/DataDetectorsCore.framework/Versions/A/DataDetectorsCore
0x00000001a6ab6000 	/System/Library/PrivateFrameworks/TextInput.framework/Versions/A/TextInput
0x00000001871de000 	/usr/lib/libMobileGestalt.dylib
0x000000018bcfe000 	/System/Library/Frameworks/Carbon.framework/Versions/A/Frameworks/HIToolbox.framework/Versions/A/HIToolbox
0x0000000189ce6000 	/System/Library/Frameworks/QuartzCore.framework/Versions/A/QuartzCore
0x0000000184d7d000 	/System/Library/Frameworks/Security.framework/Versions/A/Security
0x0000000193f05000 	/System/Library/Frameworks/Carbon.framework/Versions/A/Frameworks/SpeechRecognition.framework/Versions/A/SpeechRecognition
0x000000018a09d000 	/System/Library/PrivateFrameworks/CoreUI.framework/Versions/A/CoreUI
0x0000000184676000 	/System/Library/Frameworks/CoreAudio.framework/Versions/A/CoreAudio
0x0000000189917000 	/System/Library/Frameworks/DiskArbitration.framework/Versions/A/DiskArbitration
0x000000018f2e0000 	/System/Library/PrivateFrameworks/MultitouchSupport.framework/Versions/A/MultitouchSupport
0x00000001871dc000 	/usr/lib/libenergytrace.dylib
0x0000000185766000 	/System/Library/Frameworks/IOKit.framework/Versions/A/IOKit
0x00000001942ec000 	/System/Library/Frameworks/CoreServices.framework/Versions/A/CoreServices
0x000000018a2eb000 	/System/Library/PrivateFrameworks/PerformanceAnalysis.framework/Versions/A/PerformanceAnalysis
0x00000001d18d2000 	/System/Library/Frameworks/OpenGL.framework/Versions/A/OpenGL
0x000000018a3af000 	/usr/lib/libxml2.2.dylib
0x000000018d17c000 	/System/Library/PrivateFrameworks/MobileKeyBag.framework/Versions/A/MobileKeyBag
0x0000000187cdc000 	/System/Library/Frameworks/ColorSync.framework/Versions/A/ColorSync
0x00000001825db000 	/System/Library/Frameworks/CoreFoundation.framework/Versions/A/CoreFoundation
0x000000018c3ca000 	/System/Library/Frameworks/CoreImage.framework/Versions/A/CoreImage
0x0000000184497000 	/System/Library/Frameworks/CoreText.framework/Versions/A/CoreText
0x000000018c089000 	/System/Library/Frameworks/ImageIO.framework/Versions/A/ImageIO
0x000000018dc1a000 	/System/Library/PrivateFrameworks/SoftLinking.framework/Versions/A/SoftLinking
0x000000018deae000 	/usr/lib/libcompression.dylib
0x000000018f904000 	/System/Library/PrivateFrameworks/TextureIO.framework/Versions/A/TextureIO
0x000000018e5ec000 	/usr/lib/libate.dylib
0x000000018e4ab000 	/usr/lib/liblzma.5.dylib
0x000000018dc16000 	/usr/lib/libfakelink.dylib
0x0000000186e01000 	/System/Library/Frameworks/CFNetwork.framework/Versions/A/CFNetwork
0x000000018dd55000 	/usr/lib/libarchive.2.dylib
0x0000000192243000 	/System/Library/Frameworks/Combine.framework/Versions/A/Combine
0x0000000190302000 	/usr/lib/swift/libswiftCore.dylib
0x00000001a3b8f000 	/usr/lib/swift/libswiftCoreFoundation.dylib
0x00000001a1a6b000 	/usr/lib/swift/libswiftDarwin.dylib
0x0000000195804000 	/usr/lib/swift/libswiftDispatch.dylib
0x00000001a3bb0000 	/usr/lib/swift/libswiftIOKit.dylib
0x0000000197c1a000 	/usr/lib/swift/libswiftObjectiveC.dylib
0x00000001a3ba3000 	/usr/lib/swift/libswiftXPC.dylib
0x000000020bc55000 	/usr/lib/swift/libswift_Concurrency.dylib
0x000000020bda7000 	/usr/lib/swift/libswift_StringProcessing.dylib
0x0000000197c1e000 	/usr/lib/swift/libswiftos.dylib
0x00000001856eb000 	/System/Library/PrivateFrameworks/CoreServicesInternal.framework/Versions/A/CoreServicesInternal
0x000000018d2a1000 	/usr/lib/libbsm.0.dylib
0x000000018dbab000 	/usr/lib/system/libkxld.dylib
0x000000018a327000 	/System/Library/Frameworks/CoreServices.framework/Versions/A/Frameworks/FSEvents.framework/Versions/A/FSEvents
0x00000001853e3000 	/System/Library/Frameworks/CoreServices.framework/Versions/A/Frameworks/CarbonCore.framework/Versions/A/CarbonCore
0x000000018987e000 	/System/Library/Frameworks/CoreServices.framework/Versions/A/Frameworks/Metadata.framework/Versions/A/Metadata
0x000000018d8b3000 	/System/Library/Frameworks/CoreServices.framework/Versions/A/Frameworks/OSServices.framework/Versions/A/OSServices
0x000000018dddc000 	/System/Library/Frameworks/CoreServices.framework/Versions/A/Frameworks/SearchKit.framework/Versions/A/SearchKit
0x000000018899b000 	/System/Library/Frameworks/CoreServices.framework/Versions/A/Frameworks/AE.framework/Versions/A/AE
0x0000000182ab3000 	/System/Library/Frameworks/CoreServices.framework/Versions/A/Frameworks/LaunchServices.framework/Versions/A/LaunchServices
0x000000018e454000 	/System/Library/Frameworks/CoreServices.framework/Versions/A/Frameworks/DictionaryServices.framework/Versions/A/DictionaryServices
0x000000018a334000 	/System/Library/Frameworks/CoreServices.framework/Versions/A/Frameworks/SharedFileList.framework/Versions/A/SharedFileList
0x000000018de7b000 	/usr/lib/libapple_nghttp2.dylib
0x0000000186dfd000 	/usr/lib/libnetwork.dylib
0x000000018861f000 	/usr/lib/libsqlite3.dylib
0x0000000188a21000 	/System/Library/Frameworks/Network.framework/Versions/A/Network
0x000000020ada7000 	/usr/lib/libCoreEntitlements.dylib
0x00000001f7882000 	/System/Library/PrivateFrameworks/MessageSecurity.framework/Versions/A/MessageSecurity
0x0000000188605000 	/System/Library/PrivateFrameworks/ProtocolBuffer.framework/Versions/A/ProtocolBuffer
0x000000018d88f000 	/System/Library/PrivateFrameworks/AppleFSCompression.framework/Versions/A/AppleFSCompression
0x000000018d289000 	/usr/lib/libcoretls.dylib
0x000000018e4c4000 	/usr/lib/libcoretls_cfhelpers.dylib
0x000000018dea8000 	/usr/lib/libpam.2.dylib
0x000000018e52a000 	/usr/lib/libxar.1.dylib
0x000000018e8f5000 	/usr/lib/libheimdal-asn1.dylib
0x000000018dc1b000 	/usr/lib/libpcap.A.dylib
0x0000000188a0e000 	/usr/lib/libdns_services.dylib
0x000000018c7a4000 	/System/Library/PrivateFrameworks/AppleSystemInfo.framework/Versions/A/AppleSystemInfo
0x000000018cf7d000 	/System/Library/PrivateFrameworks/IOMobileFramebuffer.framework/Versions/A/IOMobileFramebuffer
0x000000018d8a0000 	/usr/lib/libbz2.1.0.dylib
0x000000018d279000 	/usr/lib/libCheckFix.dylib
0x000000018725b000 	/System/Library/PrivateFrameworks/TCC.framework/Versions/A/TCC
0x000000018c7aa000 	/System/Library/PrivateFrameworks/CoreNLP.framework/Versions/A/CoreNLP
0x000000018983d000 	/System/Library/PrivateFrameworks/MetadataUtilities.framework/Versions/A/MetadataUtilities
0x000000018d2b2000 	/usr/lib/libmecab.dylib
0x000000018325b000 	/usr/lib/libCRFSuite.dylib
0x000000018d30f000 	/usr/lib/libgermantok.dylib
0x000000018de54000 	/usr/lib/libThaiTokenizer.dylib
0x0000000189920000 	/System/Library/Frameworks/Accelerate.framework/Versions/A/Frameworks/vImage.framework/Versions/A/vImage
0x00000001942c3000 	/System/Library/Frameworks/Accelerate.framework/Versions/A/Frameworks/vecLib.framework/Versions/A/vecLib
0x000000018e570000 	/System/Library/Frameworks/Accelerate.framework/Versions/A/Frameworks/vecLib.framework/Versions/A/libvMisc.dylib
0x000000018ce7d000 	/System/Library/Frameworks/Accelerate.framework/Versions/A/Frameworks/vecLib.framework/Versions/A/libvDSP.dylib
0x0000000182e67000 	/System/Library/Frameworks/Accelerate.framework/Versions/A/Frameworks/vecLib.framework/Versions/A/libBLAS.dylib
0x000000018df80000 	/System/Library/Frameworks/Accelerate.framework/Versions/A/Frameworks/vecLib.framework/Versions/A/libLAPACK.dylib
0x000000018d312000 	/System/Library/Frameworks/Accelerate.framework/Versions/A/Frameworks/vecLib.framework/Versions/A/libLinearAlgebra.dylib
0x000000018de93000 	/System/Library/Frameworks/Accelerate.framework/Versions/A/Frameworks/vecLib.framework/Versions/A/libSparseBLAS.dylib
0x000000018df7b000 	/System/Library/Frameworks/Accelerate.framework/Versions/A/Frameworks/vecLib.framework/Versions/A/libQuadrature.dylib
0x000000018c8a3000 	/System/Library/Frameworks/Accelerate.framework/Versions/A/Frameworks/vecLib.framework/Versions/A/libBNNS.dylib
0x000000018316a000 	/System/Library/Frameworks/Accelerate.framework/Versions/A/Frameworks/vecLib.framework/Versions/A/libSparse.dylib
0x00000001f6bb8000 	/System/Library/PrivateFrameworks/MIL.framework/Versions/A/MIL
0x000000018dc50000 	/usr/lib/libiconv.2.dylib
0x000000018dba4000 	/usr/lib/libcharset.1.dylib
0x000000018a307000 	/System/Library/Frameworks/OpenDirectory.framework/Versions/A/Frameworks/CFOpenDirectory.framework/Versions/A/CFOpenDirectory
0x000000018a2f7000 	/System/Library/Frameworks/OpenDirectory.framework/Versions/A/OpenDirectory
0x000000018e4c6000 	/System/Library/PrivateFrameworks/APFS.framework/Versions/A/APFS
0x000000018d1b3000 	/System/Library/Frameworks/SecurityFoundation.framework/Versions/A/SecurityFoundation
0x000000018e539000 	/usr/lib/libutil.dylib
0x00000001f5c39000 	/System/Library/PrivateFrameworks/InstalledContentLibrary.framework/Versions/A/InstalledContentLibrary
0x0000000185729000 	/System/Library/PrivateFrameworks/CoreServicesStore.framework/Versions/A/CoreServicesStore
0x00000001ecc6f000 	/System/Library/PrivateFrameworks/AppleMobileFileIntegrity.framework/Versions/A/AppleMobileFileIntegrity
0x00000001a3b6e000 	/usr/lib/libmis.dylib
0x00000001b1a93000 	/System/Library/PrivateFrameworks/MobileSystemServices.framework/Versions/A/MobileSystemServices
0x00000001cc1d8000 	/System/Library/PrivateFrameworks/ConfigProfileHelper.framework/Versions/A/ConfigProfileHelper
0x000000018de56000 	/System/Library/PrivateFrameworks/AppleSauce.framework/Versions/A/AppleSauce
0x0000000183f40000 	/System/Library/PrivateFrameworks/LanguageModeling.framework/Versions/A/LanguageModeling
0x000000018e53d000 	/usr/lib/libxslt.1.dylib
0x000000018dd43000 	/usr/lib/libcmph.dylib
0x000000018cf6a000 	/System/Library/PrivateFrameworks/CoreEmoji.framework/Versions/A/CoreEmoji
0x000000018c89d000 	/System/Library/PrivateFrameworks/LinguisticData.framework/Versions/A/LinguisticData
0x0000000183122000 	/System/Library/PrivateFrameworks/Lexicon.framework/Versions/A/Lexicon
0x000000018d246000 	/System/Library/PrivateFrameworks/BackgroundTaskManagement.framework/Versions/A/BackgroundTaskManagement
0x000000020af46000 	/usr/lib/libTLE.dylib
0x000000020bcf2000 	/usr/lib/swift/libswift_RegexParser.dylib
0x000000018f1a5000 	/System/Library/PrivateFrameworks/AppleJPEG.framework/Versions/A/AppleJPEG
0x000000018e8da000 	/usr/lib/libexpat.1.dylib
0x000000018f766000 	/System/Library/Frameworks/ImageIO.framework/Versions/A/Resources/libPng.dylib
0x000000018f791000 	/System/Library/Frameworks/ImageIO.framework/Versions/A/Resources/libTIFF.dylib
0x000000018f87a000 	/System/Library/Frameworks/ImageIO.framework/Versions/A/Resources/libGIF.dylib
0x000000018f1ea000 	/System/Library/Frameworks/ImageIO.framework/Versions/A/Resources/libJP2.dylib
0x000000018f81e000 	/System/Library/Frameworks/ImageIO.framework/Versions/A/Resources/libJPEG.dylib
0x000000018f815000 	/System/Library/Frameworks/ImageIO.framework/Versions/A/Resources/libRadiance.dylib
0x000000018bb87000 	/System/Library/PrivateFrameworks/FontServices.framework/libFontParser.dylib
0x000000018893d000 	/System/Library/PrivateFrameworks/RunningBoardServices.framework/Versions/A/RunningBoardServices
0x000000019a14a000 	/System/Library/PrivateFrameworks/IOSurfaceAccelerator.framework/Versions/A/IOSurfaceAccelerator
0x000000018f2dc000 	/System/Library/PrivateFrameworks/WatchdogClient.framework/Versions/A/WatchdogClient
0x00000001840b9000 	/System/Library/Frameworks/CoreDisplay.framework/Versions/A/CoreDisplay
0x000000018ba61000 	/System/Library/Frameworks/CoreMedia.framework/Versions/A/CoreMedia
0x000000018b84f000 	/System/Library/PrivateFrameworks/IOAccelerator.framework/Versions/A/IOAccelerator
0x000000018a498000 	/System/Library/Frameworks/CoreVideo.framework/Versions/A/CoreVideo
0x000000018dea6000 	/System/Library/Frameworks/MetalPerformanceShaders.framework/Versions/A/MetalPerformanceShaders
0x000000018f31b000 	/System/Library/Frameworks/VideoToolbox.framework/Versions/A/VideoToolbox
0x0000000188880000 	/System/Library/PrivateFrameworks/BaseBoard.framework/Versions/A/BaseBoard
0x000000018f810000 	/System/Library/PrivateFrameworks/GPUWrangler.framework/Versions/A/GPUWrangler
0x000000018f7f0000 	/System/Library/PrivateFrameworks/IOPresentment.framework/Versions/A/IOPresentment
0x000000018f818000 	/System/Library/PrivateFrameworks/DSExternalDisplay.framework/Versions/A/DSExternalDisplay
0x00000001f2413000 	/System/Library/PrivateFrameworks/GPUCompiler.framework/Versions/31001/Libraries/libllvm-flatbuffers.dylib
0x00000001d18c5000 	/System/Library/Frameworks/OpenGL.framework/Versions/A/Libraries/libCoreFSCache.dylib
0x00000001f240f000 	/System/Library/PrivateFrameworks/GPUCompiler.framework/Versions/31001/Libraries/libGPUCompilerUtils.dylib
0x000000018f880000 	/System/Library/PrivateFrameworks/CMCaptureCore.framework/Versions/A/CMCaptureCore
0x00000001e6eae000 	/System/Library/Frameworks/ExtensionFoundation.framework/Versions/A/ExtensionFoundation
0x0000000195fab000 	/System/Library/PrivateFrameworks/CoreTime.framework/Versions/A/CoreTime
0x000000018ee97000 	/System/Library/PrivateFrameworks/AppServerSupport.framework/Versions/A/AppServerSupport
0x000000019121a000 	/System/Library/PrivateFrameworks/perfdata.framework/Versions/A/perfdata
0x00000001841d9000 	/System/Library/PrivateFrameworks/AudioToolboxCore.framework/Versions/A/AudioToolboxCore
0x000000018ba37000 	/System/Library/PrivateFrameworks/caulk.framework/Versions/A/caulk
0x0000000190ad7000 	/usr/lib/libAudioStatistics.dylib
0x00000001a2fa8000 	/System/Library/PrivateFrameworks/SystemPolicy.framework/Versions/A/SystemPolicy
0x0000000190d79000 	/usr/lib/libSMC.dylib
0x00000001998ee000 	/System/Library/Frameworks/CoreMIDI.framework/Versions/A/CoreMIDI
0x000000018f733000 	/usr/lib/libAudioToolboxUtility.dylib
0x000000019ed2b000 	/System/Library/PrivateFrameworks/OSAServicesClient.framework/Versions/A/OSAServicesClient
0x0000000191227000 	/usr/lib/libperfcheck.dylib
0x000000018e7c5000 	/System/Library/PrivateFrameworks/PlugInKit.framework/Versions/A/PlugInKit
0x000000018d1a5000 	/System/Library/PrivateFrameworks/AssertionServices.framework/Versions/A/AssertionServices
0x00000001d1927000 	/System/Library/Frameworks/OpenGL.framework/Versions/A/Libraries/libGLU.dylib
0x00000001d18e6000 	/System/Library/Frameworks/OpenGL.framework/Versions/A/Libraries/libGFXShared.dylib
0x00000001d1acd000 	/System/Library/Frameworks/OpenGL.framework/Versions/A/Libraries/libGL.dylib
0x00000001d18ef000 	/System/Library/Frameworks/OpenGL.framework/Versions/A/Libraries/libGLImage.dylib
0x00000001d18e3000 	/System/Library/Frameworks/OpenGL.framework/Versions/A/Libraries/libCVMSPluginSupport.dylib
0x000000020af25000 	/usr/lib/libRosetta.dylib
0x00000001d18cc000 	/System/Library/Frameworks/OpenGL.framework/Versions/A/Libraries/libCoreVMClient.dylib
0x000000018c71c000 	/System/Library/Frameworks/MetalPerformanceShaders.framework/Versions/A/Frameworks/MPSCore.framework/Versions/A/MPSCore
0x000000018d805000 	/System/Library/Frameworks/MetalPerformanceShaders.framework/Versions/A/Frameworks/MPSImage.framework/Versions/A/MPSImage
0x000000018d327000 	/System/Library/Frameworks/MetalPerformanceShaders.framework/Versions/A/Frameworks/MPSNeuralNetwork.framework/Versions/A/MPSNeuralNetwork
0x000000018d713000 	/System/Library/Frameworks/MetalPerformanceShaders.framework/Versions/A/Frameworks/MPSMatrix.framework/Versions/A/MPSMatrix
0x000000018d525000 	/System/Library/Frameworks/MetalPerformanceShaders.framework/Versions/A/Frameworks/MPSRayIntersector.framework/Versions/A/MPSRayIntersector
0x000000018d741000 	/System/Library/Frameworks/MetalPerformanceShaders.framework/Versions/A/Frameworks/MPSNDArray.framework/Versions/A/MPSNDArray
0x00000001e827c000 	/System/Library/Frameworks/MetalPerformanceShaders.framework/Versions/A/Frameworks/MPSFunctions.framework/Versions/A/MPSFunctions
0x0000000182d2d000 	/System/Library/PrivateFrameworks/MetalTools.framework/Versions/A/MetalTools
0x000000018c7a2000 	/System/Library/PrivateFrameworks/AggregateDictionary.framework/Versions/A/AggregateDictionary
0x000000018e67e000 	/usr/lib/libIOReport.dylib
0x0000000198ade000 	/System/Library/PrivateFrameworks/ASEProcessing.framework/Versions/A/ASEProcessing
0x000000018ea35000 	/System/Library/PrivateFrameworks/GraphVisualizer.framework/Versions/A/GraphVisualizer
0x00000001f2320000 	/System/Library/PrivateFrameworks/FontServices.framework/Versions/A/FontServices
0x000000018ee55000 	/System/Library/PrivateFrameworks/OTSVG.framework/Versions/A/OTSVG
0x000000018a04b000 	/System/Library/Frameworks/ApplicationServices.framework/Versions/A/Frameworks/ATS.framework/Versions/A/Resources/libFontRegistry.dylib
0x000000018eea1000 	/System/Library/PrivateFrameworks/FontServices.framework/libhvf.dylib
0x00000001f2321000 	/System/Library/PrivateFrameworks/FontServices.framework/libXTFontStaticRegistryData.dylib
0x000000020413e000 	/System/Library/PrivateFrameworks/VideoToolboxParavirtualizationSupport.framework/Versions/A/VideoToolboxParavirtualizationSupport
0x000000018e88e000 	/System/Library/PrivateFrameworks/AppleVA.framework/Versions/A/AppleVA
0x0000000190b17000 	/System/Library/Frameworks/ApplicationServices.framework/Versions/A/Frameworks/ATS.framework/Versions/A/ATS
0x0000000187dcf000 	/System/Library/Frameworks/ApplicationServices.framework/Versions/A/Frameworks/HIServices.framework/Versions/A/HIServices
0x000000018f88c000 	/System/Library/Frameworks/ApplicationServices.framework/Versions/A/Frameworks/PrintCore.framework/Versions/A/PrintCore
0x0000000190ed2000 	/System/Library/Frameworks/ApplicationServices.framework/Versions/A/Frameworks/QD.framework/Versions/A/QD
0x0000000190ec6000 	/System/Library/Frameworks/ApplicationServices.framework/Versions/A/Frameworks/ColorSyncLegacy.framework/Versions/A/ColorSyncLegacy
0x0000000190aeb000 	/System/Library/Frameworks/ApplicationServices.framework/Versions/A/Frameworks/SpeechSynthesis.framework/Versions/A/SpeechSynthesis
0x000000018f84a000 	/System/Library/Frameworks/ApplicationServices.framework/Versions/A/Frameworks/ATSUI.framework/Versions/A/ATSUI
0x0000000190e59000 	/usr/lib/libcups.2.dylib
0x0000000191235000 	/System/Library/Frameworks/Kerberos.framework/Versions/A/Kerberos
0x0000000191246000 	/System/Library/Frameworks/GSS.framework/Versions/A/GSS
0x0000000190b89000 	/usr/lib/libresolv.9.dylib
0x000000018eeb1000 	/System/Library/PrivateFrameworks/Heimdal.framework/Versions/A/Heimdal
0x0000000197b9c000 	/System/Library/Frameworks/Kerberos.framework/Versions/A/Libraries/libHeimdalProxy.dylib
0x0000000191296000 	/System/Library/PrivateFrameworks/CommonAuth.framework/Versions/A/CommonAuth
0x00000001e60e8000 	/System/Library/Frameworks/AVFAudio.framework/Versions/A/AVFAudio
0x000000019ed7a000 	/System/Library/PrivateFrameworks/AXCoreUtilities.framework/Versions/A/AXCoreUtilities
0x0000000190a63000 	/System/Library/PrivateFrameworks/AudioSession.framework/Versions/A/AudioSession
0x0000000191ffa000 	/System/Library/Frameworks/IOBluetooth.framework/Versions/A/IOBluetooth
0x000000018e98f000 	/System/Library/PrivateFrameworks/MediaExperience.framework/Versions/A/MediaExperience
0x00000001908fe000 	/System/Library/PrivateFrameworks/AudioSession.framework/libSessionUtility.dylib
0x0000000190ede000 	/System/Library/PrivateFrameworks/AudioResourceArbitration.framework/Versions/A/AudioResourceArbitration
0x0000000194edb000 	/System/Library/PrivateFrameworks/PowerLog.framework/Versions/A/PowerLog
0x0000000194e1d000 	/System/Library/Frameworks/CoreBluetooth.framework/Versions/A/CoreBluetooth
0x0000000197b9d000 	/System/Library/Frameworks/AudioUnit.framework/Versions/A/AudioUnit
0x000000018d008000 	/System/Library/PrivateFrameworks/CoreUtils.framework/Versions/A/CoreUtils
0x00000001f0d25000 	/System/Library/PrivateFrameworks/CoreUtilsExtras.framework/Versions/A/CoreUtilsExtras
0x00000001f5ad7000 	/System/Library/PrivateFrameworks/IO80211.framework/Versions/A/IO80211
0x000000018e8ff000 	/System/Library/PrivateFrameworks/IconFoundation.framework/Versions/A/IconFoundation
0x0000000193ef1000 	/System/Library/PrivateFrameworks/SpeechRecognitionCore.framework/Versions/A/SpeechRecognitionCore
0x00000001036d4000 	/Library/Java/JavaVirtualMachines/zulu-15.jdk/Contents/Home/lib/server/libjvm.dylib
0x000000010284c000 	/Library/Java/JavaVirtualMachines/zulu-15.jdk/Contents/Home/lib/libjimage.dylib
0x0000000102928000 	/Library/Java/JavaVirtualMachines/zulu-15.jdk/Contents/Home/lib/libjdwp.dylib
0x0000000102970000 	/Library/Java/JavaVirtualMachines/zulu-15.jdk/Contents/Home/lib/libjava.dylib
0x00000001028f8000 	/Library/Java/JavaVirtualMachines/zulu-15.jdk/Contents/Home/lib/libinstrument.dylib
0x0000000102910000 	/Library/Java/JavaVirtualMachines/zulu-15.jdk/Contents/Home/lib/libzip.dylib
0x0000000103438000 	/Library/Java/JavaVirtualMachines/zulu-15.jdk/Contents/Home/lib/libdt_socket.dylib
0x000000010346c000 	/Library/Java/JavaVirtualMachines/zulu-15.jdk/Contents/Home/lib/libnio.dylib
0x00000001034b0000 	/Library/Java/JavaVirtualMachines/zulu-15.jdk/Contents/Home/lib/libnet.dylib
0x000000010348c000 	/Library/Java/JavaVirtualMachines/zulu-15.jdk/Contents/Home/lib/libverify.dylib
0x000000010344c000 	/Library/Java/JavaVirtualMachines/zulu-15.jdk/Contents/Home/lib/libmanagement.dylib
0x00000001034d4000 	/Library/Java/JavaVirtualMachines/zulu-15.jdk/Contents/Home/lib/libmanagement_ext.dylib
0x00000001034e8000 	/Library/Java/JavaVirtualMachines/zulu-15.jdk/Contents/Home/lib/libextnet.dylib


VM Arguments:
jvm_args: -agentlib:jdwp=transport=dt_socket,address=127.0.0.1:55238,suspend=y,server=n -ea -Didea.test.cyclic.buffer.size=1048576 -javaagent:/Users/xiu0327/Library/Caches/JetBrains/IdeaIC2022.1/captureAgent/debugger-agent.jar=file:/private/var/folders/qm/pbk5yppn4s1718wtv_q7tf0w0000gn/T/capture.props -Dfile.encoding=UTF-8 
java_command: com.intellij.rt.junit.JUnitStarter -ideVersion5 -junit5 numble.backend.account.application.AccountServiceImplTest,계좌_이체_정상
java_class_path (initial): /Users/xiu0327/.m2/repository/org/junit/platform/junit-platform-launcher/1.8.2/junit-platform-launcher-1.8.2.jar:/Users/xiu0327/.m2/repository/org/junit/platform/junit-platform-engine/1.8.2/junit-platform-engine-1.8.2.jar:/Users/xiu0327/.m2/repository/org/opentest4j/opentest4j/1.2.0/opentest4j-1.2.0.jar:/Users/xiu0327/.m2/repository/org/junit/platform/junit-platform-commons/1.8.2/junit-platform-commons-1.8.2.jar:/Users/xiu0327/.m2/repository/org/apiguardian/apiguardian-api/1.1.2/apiguardian-api-1.1.2.jar:/Users/xiu0327/.m2/repository/org/junit/vintage/junit-vintage-engine/5.8.2/junit-vintage-engine-5.8.2.jar:/Applications/IntelliJ IDEA CE.app/Contents/lib/idea_rt.jar:/Applications/IntelliJ IDEA CE.app/Contents/plugins/junit/lib/junit5-rt.jar:/Applications/IntelliJ IDEA CE.app/Contents/plugins/junit/lib/junit-rt.jar:/Users/xiu0327/portfolio/2023-numble-banking/backend/out/test/classes:/Users/xiu0327/portfolio/2023-numble-banking/backend/out/production/classes:/Users/xiu0327/portfolio/2023-numble-banking/backend/out/production/resources:/Users/xiu0327/.gradle/caches/modules-2/files-2.1/org.springframework.boot/spring-boot-starter-data-jpa/2.7.8/ace969cae39b4479ffedd58e04c5a6eca60c94a5/spring-boot-starter-data-jpa-2.7.8.jar:/Users/xiu0327/.gradle/caches/modules-2/files-2.1/org.springframework.boot/spring-boot-starter-data-redis-reactive/2.7.8/4b6e813581ed219148a7e86040c956dfea431a62/spring-boot-starter-data-redis-reactive-2.7.8.jar:/Users/xiu0327/.gradle/caches/modules-2/files-2.1/org.springframework.boot/spring-boot-starter-web/2.7.8/7596f0263544e8230a5bf5357a02fb391f036f77/spring-boot-starter-web-2.7.8.jar:/Users/xiu0327/.gradle/caches/modules-2/files-2.1/org.springframework.boot/spring-boot-starter-validation/2.7.8/186ab03afb751b1379cbf02a95008d006f95d50d/spring-boot-starter-validation-2.7.8.jar:/Users/xiu0327/.gradle/caches/modules-2/files-2.1/io.jsonwebtoken/jjwt-impl/0.11.5/40a599f0e8a8e4e0701596fbb15e67bfda64fdf0/jjwt-impl-0.11.5.jar
Launcher Type: SUN_STANDARD

[Global flags]
     intx CICompilerCount                          = 4                                         {product} {ergonomic}
     uint ConcGCThreads                            = 2                                         {product} {ergonomic}
     uint G1ConcRefinementThreads                  = 8                                         {product} {ergonomic}
   size_t G1HeapRegionSize                         = 2097152                                   {product} {ergonomic}
    uintx GCDrainStackTargetSize                   = 64                                        {product} {ergonomic}
   size_t InitialHeapSize                          = 268435456                                 {product} {ergonomic}
   size_t MarkStackSize                            = 4194304                                   {product} {ergonomic}
   size_t MaxHeapSize                              = 4294967296                                {product} {ergonomic}
   size_t MaxNewSize                               = 2575302656                                {product} {ergonomic}
   size_t MinHeapDeltaBytes                        = 2097152                                   {product} {ergonomic}
   size_t MinHeapSize                              = 8388608                                   {product} {ergonomic}
    uintx NonNMethodCodeHeapSize                   = 5839564                                {pd product} {ergonomic}
    uintx NonProfiledCodeHeapSize                  = 122909338                              {pd product} {ergonomic}
    uintx ProfiledCodeHeapSize                     = 122909338                              {pd product} {ergonomic}
    uintx ReservedCodeCacheSize                    = 251658240                              {pd product} {ergonomic}
     bool SegmentedCodeCache                       = true                                      {product} {ergonomic}
   size_t SoftMaxHeapSize                          = 4294967296                             {manageable} {ergonomic}
     bool UseCompressedClassPointers               = true                                 {lp64_product} {ergonomic}
     bool UseCompressedOops                        = true                                 {lp64_product} {ergonomic}
     bool UseG1GC                                  = true                                      {product} {ergonomic}
     bool UseNUMA                                  = false                                     {product} {ergonomic}
     bool UseNUMAInterleaving                      = false                                     {product} {ergonomic}

Logging:
Log output configuration:
 #0: stdout all=warning uptime,level,tags
 #1: stderr all=off uptime,level,tags

Environment Variables:
JAVA_HOME=/Library/Java/JavaVirtualMachines/zulu-15.jdk/Contents/Home
PATH=/Users/xiu0327/.gem/bin:/Users/xiu0327/.nvm/versions/node/v16.6.1/bin:/Users/xiu0327/miniforge3/condabin:/Users/xiu0327/.gem/bin:/usr/local/bin:/System/Cryptexes/App/usr/bin:/usr/bin:/bin:/usr/sbin:/sbin:/Library/TeX/texbin:/Library/Apple/usr/bin:/Users/xiu0327/.cargo/bin:/Users/xiu0327/Library/Android/sdk/emulator:/Users/xiu0327/Library/Android/sdk/tools:/Users/xiu0327/Library/Android/sdk/tools/bin:/Users/xiu0327/Library/Android/sdk/platform-tools:/Library/Java/JavaVirtualMachines/zulu-15.jdk/Contents/Home/bin:
SHELL=/bin/zsh
LC_CTYPE=ko_KR.UTF-8

Signal Handlers:
SIGSEGV: [libjvm.dylib+0x921ea8], sa_mask[0]=11111111011111110111111111111111, sa_flags=SA_ONSTACK|SA_RESTART|SA_SIGINFO
SIGBUS: [libjvm.dylib+0x921ea8], sa_mask[0]=11111111011111110111111111111111, sa_flags=SA_RESTART|SA_SIGINFO
SIGFPE: [libjvm.dylib+0x921ea8], sa_mask[0]=11111111011111110111111111111111, sa_flags=SA_RESTART|SA_SIGINFO
SIGPIPE: [libjvm.dylib+0x7133a4], sa_mask[0]=11111111011111110111111111111111, sa_flags=SA_RESTART|SA_SIGINFO
SIGXFSZ: [libjvm.dylib+0x7133a4], sa_mask[0]=11111111011111110111111111111111, sa_flags=SA_RESTART|SA_SIGINFO
SIGILL: [libjvm.dylib+0x921ea8], sa_mask[0]=11111111011111110111111111111111, sa_flags=SA_RESTART|SA_SIGINFO
SIGUSR2: [libjvm.dylib+0x713dd8], sa_mask[0]=00100000000000000000000000000000, sa_flags=SA_RESTART|SA_SIGINFO
SIGHUP: [libjvm.dylib+0x71241c], sa_mask[0]=11111111011111110111111111111111, sa_flags=SA_RESTART|SA_SIGINFO
SIGINT: [libjvm.dylib+0x71241c], sa_mask[0]=11111111011111110111111111111111, sa_flags=SA_RESTART|SA_SIGINFO
SIGTERM: [libjvm.dylib+0x71241c], sa_mask[0]=11111111011111110111111111111111, sa_flags=SA_RESTART|SA_SIGINFO
SIGQUIT: [libjvm.dylib+0x71241c], sa_mask[0]=11111111011111110111111111111111, sa_flags=SA_RESTART|SA_SIGINFO


---------------  S Y S T E M  ---------------

OS:uname: Darwin 22.2.0 Darwin Kernel Version 22.2.0: Fri Nov 11 02:04:44 PST 2022; root:xnu-8792.61.2~4/RELEASE_ARM64_T8103 arm64
OS uptime: 1 days 10:38 hours
rlimit (soft/hard): STACK 8176k/65520k , CORE 0k/infinity , NPROC 2666/4000 , NOFILE 10240/infinity , AS infinity/infinity , CPU infinity/infinity , DATA infinity/infinity , FSIZE infinity/infinity , MEMLOCK infinity/infinity , RSS infinity/infinity
load average: 2.13 2.46 2.37

CPU: total 8 (initial active 8) 0x61:0x0:0x1b588bb3:0, simd, crc, lse

Memory: 16k page, physical 16777216k(76384k free), swap 1048576k(951040k free)

vm_info: OpenJDK 64-Bit Server VM (15.0.5+3-MTS) for bsd-aarch64 JRE (15.0.5+3-MTS) (Zulu15.36+13-CA), built on Oct  8 2021 04:00:01 by "zulu_re" with clang Apple LLVM 12.0.0 (clang-1200.0.32.28)

END.
